2024-06-22 09:34:25,648 INFO [main] o.a.n.a.single.user.SingleUserAuthorizer Initializing Authorizer
2024-06-22 09:34:26,754 INFO [main] o.a.n.a.single.user.SingleUserAuthorizer Configuring Authorizer
2024-06-22 10:37:50,278 INFO [NiFi Web Server-149] o.a.n.w.a.c.ValidationExceptionMapper org.apache.nifi.controller.exception.ValidationException: 1 validation error: Cannot automatically terminate 'original' relationship because a Connection already exists with this relationship. Returning Bad Request response.
2024-06-22 11:08:25,726 INFO [NiFi Web Server-160] o.a.n.w.a.c.ValidationExceptionMapper org.apache.nifi.controller.exception.ValidationException: 2 validation errors. Returning Bad Request response.
2024-06-22 11:08:31,390 WARN [NiFi Web Server-158] o.a.n.w.a.c.IllegalStateExceptionMapper java.lang.IllegalStateException: Cannot delete LogMessage[id=404424a0-0190-1000-69ce-0e5882bc2d53] because it is the destination of another component. Returning Conflict response.
java.lang.IllegalStateException: Cannot delete LogMessage[id=404424a0-0190-1000-69ce-0e5882bc2d53] because it is the destination of another component
	at org.apache.nifi.controller.StandardProcessorNode.verifyCanDelete(StandardProcessorNode.java:1315)
	at org.apache.nifi.controller.StandardProcessorNode.verifyCanDelete(StandardProcessorNode.java:1295)
	at org.apache.nifi.web.dao.impl.StandardProcessorDAO.verifyDelete(StandardProcessorDAO.java:581)
	at java.base/jdk.internal.reflect.DirectMethodHandleAccessor.invoke(DirectMethodHandleAccessor.java:103)
	at java.base/java.lang.reflect.Method.invoke(Method.java:580)
	at org.springframework.aop.support.AopUtils.invokeJoinpointUsingReflection(AopUtils.java:354)
	at org.springframework.aop.framework.ReflectiveMethodInvocation.invokeJoinpoint(ReflectiveMethodInvocation.java:196)
	at org.springframework.aop.framework.ReflectiveMethodInvocation.proceed(ReflectiveMethodInvocation.java:163)
	at org.springframework.aop.framework.CglibAopProxy$CglibMethodInvocation.proceed(CglibAopProxy.java:768)
	at org.springframework.aop.interceptor.ExposeInvocationInterceptor.invoke(ExposeInvocationInterceptor.java:97)
	at org.springframework.aop.framework.ReflectiveMethodInvocation.proceed(ReflectiveMethodInvocation.java:184)
	at org.springframework.aop.framework.CglibAopProxy$CglibMethodInvocation.proceed(CglibAopProxy.java:768)
	at org.springframework.aop.framework.CglibAopProxy$DynamicAdvisedInterceptor.intercept(CglibAopProxy.java:720)
	at org.apache.nifi.web.dao.impl.StandardProcessorDAO$$SpringCGLIB$$0.verifyDelete(<generated>)
	at org.apache.nifi.web.StandardNiFiServiceFacade.verifyDeleteProcessor(StandardNiFiServiceFacade.java:619)
	at java.base/jdk.internal.reflect.DirectMethodHandleAccessor.invoke(DirectMethodHandleAccessor.java:103)
	at java.base/java.lang.reflect.Method.invoke(Method.java:580)
	at org.springframework.aop.support.AopUtils.invokeJoinpointUsingReflection(AopUtils.java:354)
	at org.springframework.aop.framework.ReflectiveMethodInvocation.invokeJoinpoint(ReflectiveMethodInvocation.java:196)
	at org.springframework.aop.framework.ReflectiveMethodInvocation.proceed(ReflectiveMethodInvocation.java:163)
	at org.springframework.aop.framework.CglibAopProxy$CglibMethodInvocation.proceed(CglibAopProxy.java:768)
	at org.springframework.aop.aspectj.MethodInvocationProceedingJoinPoint.proceed(MethodInvocationProceedingJoinPoint.java:89)
	at org.apache.nifi.web.NiFiServiceFacadeLock.proceedWithReadLock(NiFiServiceFacadeLock.java:161)
	at org.apache.nifi.web.NiFiServiceFacadeLock.verifyLock(NiFiServiceFacadeLock.java:138)
	at java.base/jdk.internal.reflect.DirectMethodHandleAccessor.invoke(DirectMethodHandleAccessor.java:103)
	at java.base/java.lang.reflect.Method.invoke(Method.java:580)
	at org.springframework.aop.aspectj.AbstractAspectJAdvice.invokeAdviceMethodWithGivenArgs(AbstractAspectJAdvice.java:637)
	at org.springframework.aop.aspectj.AbstractAspectJAdvice.invokeAdviceMethod(AbstractAspectJAdvice.java:627)
	at org.springframework.aop.aspectj.AspectJAroundAdvice.invoke(AspectJAroundAdvice.java:71)
	at org.springframework.aop.framework.ReflectiveMethodInvocation.proceed(ReflectiveMethodInvocation.java:184)
	at org.springframework.aop.framework.CglibAopProxy$CglibMethodInvocation.proceed(CglibAopProxy.java:768)
	at org.springframework.aop.interceptor.ExposeInvocationInterceptor.invoke(ExposeInvocationInterceptor.java:97)
	at org.springframework.aop.framework.ReflectiveMethodInvocation.proceed(ReflectiveMethodInvocation.java:184)
	at org.springframework.aop.framework.CglibAopProxy$CglibMethodInvocation.proceed(CglibAopProxy.java:768)
	at org.springframework.aop.framework.CglibAopProxy$DynamicAdvisedInterceptor.intercept(CglibAopProxy.java:720)
	at org.apache.nifi.web.StandardNiFiServiceFacade$$SpringCGLIB$$0.verifyDeleteProcessor(<generated>)
	at org.apache.nifi.web.api.ProcessorResource.lambda$deleteProcessor$22(ProcessorResource.java:987)
	at org.apache.nifi.web.api.ApplicationResource.withWriteLock(ApplicationResource.java:584)
	at org.apache.nifi.web.api.ProcessorResource.deleteProcessor(ProcessorResource.java:971)
	at java.base/jdk.internal.reflect.DirectMethodHandleAccessor.invoke(DirectMethodHandleAccessor.java:103)
	at java.base/java.lang.reflect.Method.invoke(Method.java:580)
	at org.glassfish.jersey.server.model.internal.ResourceMethodInvocationHandlerFactory.lambda$static$0(ResourceMethodInvocationHandlerFactory.java:52)
	at org.glassfish.jersey.server.model.internal.AbstractJavaResourceMethodDispatcher$1.run(AbstractJavaResourceMethodDispatcher.java:146)
	at org.glassfish.jersey.server.model.internal.AbstractJavaResourceMethodDispatcher.invoke(AbstractJavaResourceMethodDispatcher.java:189)
	at org.glassfish.jersey.server.model.internal.JavaResourceMethodDispatcherProvider$ResponseOutInvoker.doDispatch(JavaResourceMethodDispatcherProvider.java:176)
	at org.glassfish.jersey.server.model.internal.AbstractJavaResourceMethodDispatcher.dispatch(AbstractJavaResourceMethodDispatcher.java:93)
	at org.glassfish.jersey.server.model.ResourceMethodInvoker.invoke(ResourceMethodInvoker.java:478)
	at org.glassfish.jersey.server.model.ResourceMethodInvoker.apply(ResourceMethodInvoker.java:400)
	at org.glassfish.jersey.server.model.ResourceMethodInvoker.apply(ResourceMethodInvoker.java:81)
	at org.glassfish.jersey.server.ServerRuntime$1.run(ServerRuntime.java:263)
	at org.glassfish.jersey.internal.Errors$1.call(Errors.java:248)
	at org.glassfish.jersey.internal.Errors$1.call(Errors.java:244)
	at org.glassfish.jersey.internal.Errors.process(Errors.java:292)
	at org.glassfish.jersey.internal.Errors.process(Errors.java:274)
	at org.glassfish.jersey.internal.Errors.process(Errors.java:244)
	at org.glassfish.jersey.process.internal.RequestScope.runInScope(RequestScope.java:266)
	at org.glassfish.jersey.server.ServerRuntime.process(ServerRuntime.java:242)
	at org.glassfish.jersey.server.ApplicationHandler.handle(ApplicationHandler.java:697)
	at org.glassfish.jersey.servlet.WebComponent.serviceImpl(WebComponent.java:394)
	at org.glassfish.jersey.servlet.WebComponent.service(WebComponent.java:346)
	at org.glassfish.jersey.servlet.ServletContainer.service(ServletContainer.java:358)
	at org.glassfish.jersey.servlet.ServletContainer.service(ServletContainer.java:312)
	at org.glassfish.jersey.servlet.ServletContainer.service(ServletContainer.java:205)
	at org.eclipse.jetty.ee10.servlet.ServletHolder$NotAsync.service(ServletHolder.java:1379)
	at org.eclipse.jetty.ee10.servlet.ServletHolder.handle(ServletHolder.java:736)
	at org.eclipse.jetty.ee10.servlet.ServletHandler$ChainEnd.doFilter(ServletHandler.java:1614)
	at org.springframework.security.web.FilterChainProxy.lambda$doFilterInternal$3(FilterChainProxy.java:231)
	at org.springframework.security.web.FilterChainProxy$VirtualFilterChain.doFilter(FilterChainProxy.java:365)
	at org.springframework.security.web.access.intercept.AuthorizationFilter.doFilter(AuthorizationFilter.java:100)
	at org.springframework.security.web.FilterChainProxy$VirtualFilterChain.doFilter(FilterChainProxy.java:374)
	at org.springframework.security.web.access.ExceptionTranslationFilter.doFilter(ExceptionTranslationFilter.java:126)
	at org.springframework.security.web.access.ExceptionTranslationFilter.doFilter(ExceptionTranslationFilter.java:120)
	at org.springframework.security.web.FilterChainProxy$VirtualFilterChain.doFilter(FilterChainProxy.java:374)
	at org.apache.nifi.web.security.log.AuthenticationUserFilter.doFilterInternal(AuthenticationUserFilter.java:57)
	at org.springframework.web.filter.OncePerRequestFilter.doFilter(OncePerRequestFilter.java:116)
	at org.springframework.security.web.FilterChainProxy$VirtualFilterChain.doFilter(FilterChainProxy.java:374)
	at org.springframework.security.web.authentication.AnonymousAuthenticationFilter.doFilter(AnonymousAuthenticationFilter.java:100)
	at org.springframework.security.web.FilterChainProxy$VirtualFilterChain.doFilter(FilterChainProxy.java:374)
	at org.springframework.security.oauth2.server.resource.web.authentication.BearerTokenAuthenticationFilter.doFilterInternal(BearerTokenAuthenticationFilter.java:145)
	at org.springframework.web.filter.OncePerRequestFilter.doFilter(OncePerRequestFilter.java:116)
	at org.springframework.security.web.FilterChainProxy$VirtualFilterChain.doFilter(FilterChainProxy.java:374)
	at org.apache.nifi.web.security.NiFiAuthenticationFilter.authenticate(NiFiAuthenticationFilter.java:94)
	at org.apache.nifi.web.security.NiFiAuthenticationFilter.doFilter(NiFiAuthenticationFilter.java:56)
	at org.springframework.security.web.FilterChainProxy$VirtualFilterChain.doFilter(FilterChainProxy.java:374)
	at org.apache.nifi.web.security.csrf.CsrfCookieFilter.doFilterInternal(CsrfCookieFilter.java:43)
	at org.springframework.web.filter.OncePerRequestFilter.doFilter(OncePerRequestFilter.java:116)
	at org.springframework.security.web.FilterChainProxy$VirtualFilterChain.doFilter(FilterChainProxy.java:374)
	at org.springframework.security.web.csrf.CsrfFilter.doFilterInternal(CsrfFilter.java:131)
	at org.springframework.web.filter.OncePerRequestFilter.doFilter(OncePerRequestFilter.java:116)
	at org.springframework.security.web.FilterChainProxy$VirtualFilterChain.doFilter(FilterChainProxy.java:374)
	at org.apache.nifi.web.security.csrf.SkipReplicatedCsrfFilter.doFilterInternal(SkipReplicatedCsrfFilter.java:59)
	at org.springframework.web.filter.OncePerRequestFilter.doFilter(OncePerRequestFilter.java:116)
	at org.springframework.security.web.FilterChainProxy$VirtualFilterChain.doFilter(FilterChainProxy.java:374)
	at org.springframework.security.web.context.request.async.WebAsyncManagerIntegrationFilter.doFilterInternal(WebAsyncManagerIntegrationFilter.java:62)
	at org.springframework.web.filter.OncePerRequestFilter.doFilter(OncePerRequestFilter.java:116)
	at org.springframework.security.web.FilterChainProxy$VirtualFilterChain.doFilter(FilterChainProxy.java:374)
	at org.springframework.security.web.FilterChainProxy.doFilterInternal(FilterChainProxy.java:233)
	at org.springframework.security.web.FilterChainProxy.doFilter(FilterChainProxy.java:191)
	at org.springframework.web.filter.DelegatingFilterProxy.invokeDelegate(DelegatingFilterProxy.java:352)
	at org.springframework.web.filter.DelegatingFilterProxy.doFilter(DelegatingFilterProxy.java:268)
	at org.eclipse.jetty.ee10.servlet.FilterHolder.doFilter(FilterHolder.java:205)
	at org.eclipse.jetty.ee10.servlet.ServletHandler$Chain.doFilter(ServletHandler.java:1586)
	at org.apache.nifi.web.filter.ExceptionFilter.doFilter(ExceptionFilter.java:44)
	at org.eclipse.jetty.ee10.servlet.FilterHolder.doFilter(FilterHolder.java:208)
	at org.eclipse.jetty.ee10.servlet.ServletHandler$Chain.doFilter(ServletHandler.java:1586)
	at org.eclipse.jetty.ee10.servlets.DoSFilter.doFilterChain(DoSFilter.java:462)
	at org.apache.nifi.web.server.filter.DataTransferExcludedDoSFilter.doFilterChain(DataTransferExcludedDoSFilter.java:51)
	at org.eclipse.jetty.ee10.servlets.DoSFilter.doFilter(DoSFilter.java:317)
	at org.eclipse.jetty.ee10.servlets.DoSFilter.doFilter(DoSFilter.java:282)
	at org.eclipse.jetty.ee10.servlet.FilterHolder.doFilter(FilterHolder.java:205)
	at org.eclipse.jetty.ee10.servlet.ServletHandler$Chain.doFilter(ServletHandler.java:1586)
	at org.springframework.security.web.header.HeaderWriterFilter.doHeadersAfter(HeaderWriterFilter.java:90)
	at org.springframework.security.web.header.HeaderWriterFilter.doFilterInternal(HeaderWriterFilter.java:75)
	at org.springframework.web.filter.OncePerRequestFilter.doFilter(OncePerRequestFilter.java:116)
	at org.eclipse.jetty.ee10.servlet.FilterHolder.doFilter(FilterHolder.java:205)
	at org.eclipse.jetty.ee10.servlet.ServletHandler$Chain.doFilter(ServletHandler.java:1586)
	at org.apache.nifi.web.server.log.RequestAuthenticationFilter.doFilterInternal(RequestAuthenticationFilter.java:59)
	at org.springframework.web.filter.OncePerRequestFilter.doFilter(OncePerRequestFilter.java:116)
	at org.eclipse.jetty.ee10.servlet.FilterHolder.doFilter(FilterHolder.java:205)
	at org.eclipse.jetty.ee10.servlet.ServletHandler$Chain.doFilter(ServletHandler.java:1586)
	at org.eclipse.jetty.ee10.servlet.ServletHandler$MappedServlet.handle(ServletHandler.java:1547)
	at org.eclipse.jetty.ee10.servlet.ServletChannel.dispatch(ServletChannel.java:824)
	at org.eclipse.jetty.ee10.servlet.ServletChannel.handle(ServletChannel.java:436)
	at org.eclipse.jetty.ee10.servlet.ServletHandler.handle(ServletHandler.java:464)
	at org.eclipse.jetty.security.SecurityHandler.handle(SecurityHandler.java:575)
	at org.eclipse.jetty.ee10.servlet.SessionHandler.handle(SessionHandler.java:703)
	at org.eclipse.jetty.server.handler.ContextHandler.handle(ContextHandler.java:851)
	at org.eclipse.jetty.server.handler.ContextHandlerCollection.handle(ContextHandlerCollection.java:181)
	at org.eclipse.jetty.server.handler.ContextHandlerCollection.handle(ContextHandlerCollection.java:181)
	at org.eclipse.jetty.server.Server.handle(Server.java:179)
	at org.eclipse.jetty.server.internal.HttpChannelState$HandlerInvoker.run(HttpChannelState.java:635)
	at org.eclipse.jetty.util.thread.Invocable$ReadyTask.run(Invocable.java:105)
	at org.eclipse.jetty.http2.server.internal.HttpStreamOverHTTP2$1.run(HttpStreamOverHTTP2.java:133)
	at org.eclipse.jetty.util.thread.strategy.AdaptiveExecutionStrategy.runTask(AdaptiveExecutionStrategy.java:478)
	at org.eclipse.jetty.util.thread.strategy.AdaptiveExecutionStrategy.consumeTask(AdaptiveExecutionStrategy.java:441)
	at org.eclipse.jetty.util.thread.strategy.AdaptiveExecutionStrategy.tryProduce(AdaptiveExecutionStrategy.java:293)
	at org.eclipse.jetty.util.thread.strategy.AdaptiveExecutionStrategy.produce(AdaptiveExecutionStrategy.java:195)
	at org.eclipse.jetty.http2.HTTP2Connection.produce(HTTP2Connection.java:211)
	at org.eclipse.jetty.http2.HTTP2Connection.onFillable(HTTP2Connection.java:158)
	at org.eclipse.jetty.http2.HTTP2Connection$FillableCallback.succeeded(HTTP2Connection.java:449)
	at org.eclipse.jetty.io.FillInterest.fillable(FillInterest.java:99)
	at org.eclipse.jetty.io.ssl.SslConnection$SslEndPoint.onFillable(SslConnection.java:574)
	at org.eclipse.jetty.io.ssl.SslConnection.onFillable(SslConnection.java:390)
	at org.eclipse.jetty.io.ssl.SslConnection$2.succeeded(SslConnection.java:150)
	at org.eclipse.jetty.io.FillInterest.fillable(FillInterest.java:99)
	at org.eclipse.jetty.io.SelectableChannelEndPoint$1.run(SelectableChannelEndPoint.java:53)
	at org.eclipse.jetty.util.thread.strategy.AdaptiveExecutionStrategy.runTask(AdaptiveExecutionStrategy.java:478)
	at org.eclipse.jetty.util.thread.strategy.AdaptiveExecutionStrategy.consumeTask(AdaptiveExecutionStrategy.java:441)
	at org.eclipse.jetty.util.thread.strategy.AdaptiveExecutionStrategy.tryProduce(AdaptiveExecutionStrategy.java:293)
	at org.eclipse.jetty.util.thread.strategy.AdaptiveExecutionStrategy.run(AdaptiveExecutionStrategy.java:201)
	at org.eclipse.jetty.util.thread.ReservedThreadExecutor$ReservedThread.run(ReservedThreadExecutor.java:311)
	at org.eclipse.jetty.util.thread.QueuedThreadPool.runJob(QueuedThreadPool.java:979)
	at org.eclipse.jetty.util.thread.QueuedThreadPool$Runner.doRunJob(QueuedThreadPool.java:1209)
	at org.eclipse.jetty.util.thread.QueuedThreadPool$Runner.run(QueuedThreadPool.java:1164)
	at java.base/java.lang.Thread.run(Thread.java:1583)
2024-06-22 11:24:57,120 WARN [NiFi Web Server-162] o.a.n.w.a.c.IllegalStateExceptionMapper java.lang.IllegalStateException: Cannot delete InvokeScriptedProcessor[id=4050c2f0-0190-1000-247b-1b1946001c7c] because it is the destination of another component. Returning Conflict response.
java.lang.IllegalStateException: Cannot delete InvokeScriptedProcessor[id=4050c2f0-0190-1000-247b-1b1946001c7c] because it is the destination of another component
	at org.apache.nifi.controller.StandardProcessorNode.verifyCanDelete(StandardProcessorNode.java:1315)
	at org.apache.nifi.controller.StandardProcessorNode.verifyCanDelete(StandardProcessorNode.java:1295)
	at org.apache.nifi.web.dao.impl.StandardProcessorDAO.verifyDelete(StandardProcessorDAO.java:581)
	at java.base/jdk.internal.reflect.DirectMethodHandleAccessor.invoke(DirectMethodHandleAccessor.java:103)
	at java.base/java.lang.reflect.Method.invoke(Method.java:580)
	at org.springframework.aop.support.AopUtils.invokeJoinpointUsingReflection(AopUtils.java:354)
	at org.springframework.aop.framework.ReflectiveMethodInvocation.invokeJoinpoint(ReflectiveMethodInvocation.java:196)
	at org.springframework.aop.framework.ReflectiveMethodInvocation.proceed(ReflectiveMethodInvocation.java:163)
	at org.springframework.aop.framework.CglibAopProxy$CglibMethodInvocation.proceed(CglibAopProxy.java:768)
	at org.springframework.aop.interceptor.ExposeInvocationInterceptor.invoke(ExposeInvocationInterceptor.java:97)
	at org.springframework.aop.framework.ReflectiveMethodInvocation.proceed(ReflectiveMethodInvocation.java:184)
	at org.springframework.aop.framework.CglibAopProxy$CglibMethodInvocation.proceed(CglibAopProxy.java:768)
	at org.springframework.aop.framework.CglibAopProxy$DynamicAdvisedInterceptor.intercept(CglibAopProxy.java:720)
	at org.apache.nifi.web.dao.impl.StandardProcessorDAO$$SpringCGLIB$$0.verifyDelete(<generated>)
	at org.apache.nifi.web.StandardNiFiServiceFacade.verifyDeleteProcessor(StandardNiFiServiceFacade.java:619)
	at java.base/jdk.internal.reflect.DirectMethodHandleAccessor.invoke(DirectMethodHandleAccessor.java:103)
	at java.base/java.lang.reflect.Method.invoke(Method.java:580)
	at org.springframework.aop.support.AopUtils.invokeJoinpointUsingReflection(AopUtils.java:354)
	at org.springframework.aop.framework.ReflectiveMethodInvocation.invokeJoinpoint(ReflectiveMethodInvocation.java:196)
	at org.springframework.aop.framework.ReflectiveMethodInvocation.proceed(ReflectiveMethodInvocation.java:163)
	at org.springframework.aop.framework.CglibAopProxy$CglibMethodInvocation.proceed(CglibAopProxy.java:768)
	at org.springframework.aop.aspectj.MethodInvocationProceedingJoinPoint.proceed(MethodInvocationProceedingJoinPoint.java:89)
	at org.apache.nifi.web.NiFiServiceFacadeLock.proceedWithReadLock(NiFiServiceFacadeLock.java:161)
	at org.apache.nifi.web.NiFiServiceFacadeLock.verifyLock(NiFiServiceFacadeLock.java:138)
	at java.base/jdk.internal.reflect.DirectMethodHandleAccessor.invoke(DirectMethodHandleAccessor.java:103)
	at java.base/java.lang.reflect.Method.invoke(Method.java:580)
	at org.springframework.aop.aspectj.AbstractAspectJAdvice.invokeAdviceMethodWithGivenArgs(AbstractAspectJAdvice.java:637)
	at org.springframework.aop.aspectj.AbstractAspectJAdvice.invokeAdviceMethod(AbstractAspectJAdvice.java:627)
	at org.springframework.aop.aspectj.AspectJAroundAdvice.invoke(AspectJAroundAdvice.java:71)
	at org.springframework.aop.framework.ReflectiveMethodInvocation.proceed(ReflectiveMethodInvocation.java:184)
	at org.springframework.aop.framework.CglibAopProxy$CglibMethodInvocation.proceed(CglibAopProxy.java:768)
	at org.springframework.aop.interceptor.ExposeInvocationInterceptor.invoke(ExposeInvocationInterceptor.java:97)
	at org.springframework.aop.framework.ReflectiveMethodInvocation.proceed(ReflectiveMethodInvocation.java:184)
	at org.springframework.aop.framework.CglibAopProxy$CglibMethodInvocation.proceed(CglibAopProxy.java:768)
	at org.springframework.aop.framework.CglibAopProxy$DynamicAdvisedInterceptor.intercept(CglibAopProxy.java:720)
	at org.apache.nifi.web.StandardNiFiServiceFacade$$SpringCGLIB$$0.verifyDeleteProcessor(<generated>)
	at org.apache.nifi.web.api.ProcessorResource.lambda$deleteProcessor$22(ProcessorResource.java:987)
	at org.apache.nifi.web.api.ApplicationResource.withWriteLock(ApplicationResource.java:584)
	at org.apache.nifi.web.api.ProcessorResource.deleteProcessor(ProcessorResource.java:971)
	at java.base/jdk.internal.reflect.DirectMethodHandleAccessor.invoke(DirectMethodHandleAccessor.java:103)
	at java.base/java.lang.reflect.Method.invoke(Method.java:580)
	at org.glassfish.jersey.server.model.internal.ResourceMethodInvocationHandlerFactory.lambda$static$0(ResourceMethodInvocationHandlerFactory.java:52)
	at org.glassfish.jersey.server.model.internal.AbstractJavaResourceMethodDispatcher$1.run(AbstractJavaResourceMethodDispatcher.java:146)
	at org.glassfish.jersey.server.model.internal.AbstractJavaResourceMethodDispatcher.invoke(AbstractJavaResourceMethodDispatcher.java:189)
	at org.glassfish.jersey.server.model.internal.JavaResourceMethodDispatcherProvider$ResponseOutInvoker.doDispatch(JavaResourceMethodDispatcherProvider.java:176)
	at org.glassfish.jersey.server.model.internal.AbstractJavaResourceMethodDispatcher.dispatch(AbstractJavaResourceMethodDispatcher.java:93)
	at org.glassfish.jersey.server.model.ResourceMethodInvoker.invoke(ResourceMethodInvoker.java:478)
	at org.glassfish.jersey.server.model.ResourceMethodInvoker.apply(ResourceMethodInvoker.java:400)
	at org.glassfish.jersey.server.model.ResourceMethodInvoker.apply(ResourceMethodInvoker.java:81)
	at org.glassfish.jersey.server.ServerRuntime$1.run(ServerRuntime.java:263)
	at org.glassfish.jersey.internal.Errors$1.call(Errors.java:248)
	at org.glassfish.jersey.internal.Errors$1.call(Errors.java:244)
	at org.glassfish.jersey.internal.Errors.process(Errors.java:292)
	at org.glassfish.jersey.internal.Errors.process(Errors.java:274)
	at org.glassfish.jersey.internal.Errors.process(Errors.java:244)
	at org.glassfish.jersey.process.internal.RequestScope.runInScope(RequestScope.java:266)
	at org.glassfish.jersey.server.ServerRuntime.process(ServerRuntime.java:242)
	at org.glassfish.jersey.server.ApplicationHandler.handle(ApplicationHandler.java:697)
	at org.glassfish.jersey.servlet.WebComponent.serviceImpl(WebComponent.java:394)
	at org.glassfish.jersey.servlet.WebComponent.service(WebComponent.java:346)
	at org.glassfish.jersey.servlet.ServletContainer.service(ServletContainer.java:358)
	at org.glassfish.jersey.servlet.ServletContainer.service(ServletContainer.java:312)
	at org.glassfish.jersey.servlet.ServletContainer.service(ServletContainer.java:205)
	at org.eclipse.jetty.ee10.servlet.ServletHolder$NotAsync.service(ServletHolder.java:1379)
	at org.eclipse.jetty.ee10.servlet.ServletHolder.handle(ServletHolder.java:736)
	at org.eclipse.jetty.ee10.servlet.ServletHandler$ChainEnd.doFilter(ServletHandler.java:1614)
	at org.springframework.security.web.FilterChainProxy.lambda$doFilterInternal$3(FilterChainProxy.java:231)
	at org.springframework.security.web.FilterChainProxy$VirtualFilterChain.doFilter(FilterChainProxy.java:365)
	at org.springframework.security.web.access.intercept.AuthorizationFilter.doFilter(AuthorizationFilter.java:100)
	at org.springframework.security.web.FilterChainProxy$VirtualFilterChain.doFilter(FilterChainProxy.java:374)
	at org.springframework.security.web.access.ExceptionTranslationFilter.doFilter(ExceptionTranslationFilter.java:126)
	at org.springframework.security.web.access.ExceptionTranslationFilter.doFilter(ExceptionTranslationFilter.java:120)
	at org.springframework.security.web.FilterChainProxy$VirtualFilterChain.doFilter(FilterChainProxy.java:374)
	at org.apache.nifi.web.security.log.AuthenticationUserFilter.doFilterInternal(AuthenticationUserFilter.java:57)
	at org.springframework.web.filter.OncePerRequestFilter.doFilter(OncePerRequestFilter.java:116)
	at org.springframework.security.web.FilterChainProxy$VirtualFilterChain.doFilter(FilterChainProxy.java:374)
	at org.springframework.security.web.authentication.AnonymousAuthenticationFilter.doFilter(AnonymousAuthenticationFilter.java:100)
	at org.springframework.security.web.FilterChainProxy$VirtualFilterChain.doFilter(FilterChainProxy.java:374)
	at org.springframework.security.oauth2.server.resource.web.authentication.BearerTokenAuthenticationFilter.doFilterInternal(BearerTokenAuthenticationFilter.java:145)
	at org.springframework.web.filter.OncePerRequestFilter.doFilter(OncePerRequestFilter.java:116)
	at org.springframework.security.web.FilterChainProxy$VirtualFilterChain.doFilter(FilterChainProxy.java:374)
	at org.apache.nifi.web.security.NiFiAuthenticationFilter.authenticate(NiFiAuthenticationFilter.java:94)
	at org.apache.nifi.web.security.NiFiAuthenticationFilter.doFilter(NiFiAuthenticationFilter.java:56)
	at org.springframework.security.web.FilterChainProxy$VirtualFilterChain.doFilter(FilterChainProxy.java:374)
	at org.apache.nifi.web.security.csrf.CsrfCookieFilter.doFilterInternal(CsrfCookieFilter.java:43)
	at org.springframework.web.filter.OncePerRequestFilter.doFilter(OncePerRequestFilter.java:116)
	at org.springframework.security.web.FilterChainProxy$VirtualFilterChain.doFilter(FilterChainProxy.java:374)
	at org.springframework.security.web.csrf.CsrfFilter.doFilterInternal(CsrfFilter.java:131)
	at org.springframework.web.filter.OncePerRequestFilter.doFilter(OncePerRequestFilter.java:116)
	at org.springframework.security.web.FilterChainProxy$VirtualFilterChain.doFilter(FilterChainProxy.java:374)
	at org.apache.nifi.web.security.csrf.SkipReplicatedCsrfFilter.doFilterInternal(SkipReplicatedCsrfFilter.java:59)
	at org.springframework.web.filter.OncePerRequestFilter.doFilter(OncePerRequestFilter.java:116)
	at org.springframework.security.web.FilterChainProxy$VirtualFilterChain.doFilter(FilterChainProxy.java:374)
	at org.springframework.security.web.context.request.async.WebAsyncManagerIntegrationFilter.doFilterInternal(WebAsyncManagerIntegrationFilter.java:62)
	at org.springframework.web.filter.OncePerRequestFilter.doFilter(OncePerRequestFilter.java:116)
	at org.springframework.security.web.FilterChainProxy$VirtualFilterChain.doFilter(FilterChainProxy.java:374)
	at org.springframework.security.web.FilterChainProxy.doFilterInternal(FilterChainProxy.java:233)
	at org.springframework.security.web.FilterChainProxy.doFilter(FilterChainProxy.java:191)
	at org.springframework.web.filter.DelegatingFilterProxy.invokeDelegate(DelegatingFilterProxy.java:352)
	at org.springframework.web.filter.DelegatingFilterProxy.doFilter(DelegatingFilterProxy.java:268)
	at org.eclipse.jetty.ee10.servlet.FilterHolder.doFilter(FilterHolder.java:205)
	at org.eclipse.jetty.ee10.servlet.ServletHandler$Chain.doFilter(ServletHandler.java:1586)
	at org.apache.nifi.web.filter.ExceptionFilter.doFilter(ExceptionFilter.java:44)
	at org.eclipse.jetty.ee10.servlet.FilterHolder.doFilter(FilterHolder.java:208)
	at org.eclipse.jetty.ee10.servlet.ServletHandler$Chain.doFilter(ServletHandler.java:1586)
	at org.eclipse.jetty.ee10.servlets.DoSFilter.doFilterChain(DoSFilter.java:462)
	at org.apache.nifi.web.server.filter.DataTransferExcludedDoSFilter.doFilterChain(DataTransferExcludedDoSFilter.java:51)
	at org.eclipse.jetty.ee10.servlets.DoSFilter.doFilter(DoSFilter.java:317)
	at org.eclipse.jetty.ee10.servlets.DoSFilter.doFilter(DoSFilter.java:282)
	at org.eclipse.jetty.ee10.servlet.FilterHolder.doFilter(FilterHolder.java:205)
	at org.eclipse.jetty.ee10.servlet.ServletHandler$Chain.doFilter(ServletHandler.java:1586)
	at org.springframework.security.web.header.HeaderWriterFilter.doHeadersAfter(HeaderWriterFilter.java:90)
	at org.springframework.security.web.header.HeaderWriterFilter.doFilterInternal(HeaderWriterFilter.java:75)
	at org.springframework.web.filter.OncePerRequestFilter.doFilter(OncePerRequestFilter.java:116)
	at org.eclipse.jetty.ee10.servlet.FilterHolder.doFilter(FilterHolder.java:205)
	at org.eclipse.jetty.ee10.servlet.ServletHandler$Chain.doFilter(ServletHandler.java:1586)
	at org.apache.nifi.web.server.log.RequestAuthenticationFilter.doFilterInternal(RequestAuthenticationFilter.java:59)
	at org.springframework.web.filter.OncePerRequestFilter.doFilter(OncePerRequestFilter.java:116)
	at org.eclipse.jetty.ee10.servlet.FilterHolder.doFilter(FilterHolder.java:205)
	at org.eclipse.jetty.ee10.servlet.ServletHandler$Chain.doFilter(ServletHandler.java:1586)
	at org.eclipse.jetty.ee10.servlet.ServletHandler$MappedServlet.handle(ServletHandler.java:1547)
	at org.eclipse.jetty.ee10.servlet.ServletChannel.dispatch(ServletChannel.java:824)
	at org.eclipse.jetty.ee10.servlet.ServletChannel.handle(ServletChannel.java:436)
	at org.eclipse.jetty.ee10.servlet.ServletHandler.handle(ServletHandler.java:464)
	at org.eclipse.jetty.security.SecurityHandler.handle(SecurityHandler.java:575)
	at org.eclipse.jetty.ee10.servlet.SessionHandler.handle(SessionHandler.java:703)
	at org.eclipse.jetty.server.handler.ContextHandler.handle(ContextHandler.java:851)
	at org.eclipse.jetty.server.handler.ContextHandlerCollection.handle(ContextHandlerCollection.java:181)
	at org.eclipse.jetty.server.handler.ContextHandlerCollection.handle(ContextHandlerCollection.java:181)
	at org.eclipse.jetty.server.Server.handle(Server.java:179)
	at org.eclipse.jetty.server.internal.HttpChannelState$HandlerInvoker.run(HttpChannelState.java:635)
	at org.eclipse.jetty.util.thread.Invocable$ReadyTask.run(Invocable.java:105)
	at org.eclipse.jetty.http2.server.internal.HttpStreamOverHTTP2$1.run(HttpStreamOverHTTP2.java:133)
	at org.eclipse.jetty.util.thread.strategy.AdaptiveExecutionStrategy.runTask(AdaptiveExecutionStrategy.java:478)
	at org.eclipse.jetty.util.thread.strategy.AdaptiveExecutionStrategy.consumeTask(AdaptiveExecutionStrategy.java:441)
	at org.eclipse.jetty.util.thread.strategy.AdaptiveExecutionStrategy.tryProduce(AdaptiveExecutionStrategy.java:293)
	at org.eclipse.jetty.util.thread.strategy.AdaptiveExecutionStrategy.produce(AdaptiveExecutionStrategy.java:195)
	at org.eclipse.jetty.http2.HTTP2Connection.produce(HTTP2Connection.java:211)
	at org.eclipse.jetty.http2.HTTP2Connection.onFillable(HTTP2Connection.java:158)
	at org.eclipse.jetty.http2.HTTP2Connection$FillableCallback.succeeded(HTTP2Connection.java:449)
	at org.eclipse.jetty.io.FillInterest.fillable(FillInterest.java:99)
	at org.eclipse.jetty.io.ssl.SslConnection$SslEndPoint.onFillable(SslConnection.java:574)
	at org.eclipse.jetty.io.ssl.SslConnection.onFillable(SslConnection.java:390)
	at org.eclipse.jetty.io.ssl.SslConnection$2.succeeded(SslConnection.java:150)
	at org.eclipse.jetty.io.FillInterest.fillable(FillInterest.java:99)
	at org.eclipse.jetty.io.SelectableChannelEndPoint$1.run(SelectableChannelEndPoint.java:53)
	at org.eclipse.jetty.util.thread.strategy.AdaptiveExecutionStrategy.runTask(AdaptiveExecutionStrategy.java:478)
	at org.eclipse.jetty.util.thread.strategy.AdaptiveExecutionStrategy.consumeTask(AdaptiveExecutionStrategy.java:441)
	at org.eclipse.jetty.util.thread.strategy.AdaptiveExecutionStrategy.tryProduce(AdaptiveExecutionStrategy.java:293)
	at org.eclipse.jetty.util.thread.strategy.AdaptiveExecutionStrategy.run(AdaptiveExecutionStrategy.java:201)
	at org.eclipse.jetty.util.thread.ReservedThreadExecutor$ReservedThread.run(ReservedThreadExecutor.java:311)
	at org.eclipse.jetty.util.thread.QueuedThreadPool.runJob(QueuedThreadPool.java:979)
	at org.eclipse.jetty.util.thread.QueuedThreadPool$Runner.doRunJob(QueuedThreadPool.java:1209)
	at org.eclipse.jetty.util.thread.QueuedThreadPool$Runner.run(QueuedThreadPool.java:1164)
	at java.base/java.lang.Thread.run(Thread.java:1583)
2024-06-22 11:25:00,385 WARN [NiFi Web Server-169] o.a.n.w.a.c.IllegalStateExceptionMapper java.lang.IllegalStateException: Cannot delete InvokeScriptedProcessor[id=4050c2f0-0190-1000-247b-1b1946001c7c] because it is the destination of another component. Returning Conflict response.
java.lang.IllegalStateException: Cannot delete InvokeScriptedProcessor[id=4050c2f0-0190-1000-247b-1b1946001c7c] because it is the destination of another component
	at org.apache.nifi.controller.StandardProcessorNode.verifyCanDelete(StandardProcessorNode.java:1315)
	at org.apache.nifi.controller.StandardProcessorNode.verifyCanDelete(StandardProcessorNode.java:1295)
	at org.apache.nifi.web.dao.impl.StandardProcessorDAO.verifyDelete(StandardProcessorDAO.java:581)
	at java.base/jdk.internal.reflect.DirectMethodHandleAccessor.invoke(DirectMethodHandleAccessor.java:103)
	at java.base/java.lang.reflect.Method.invoke(Method.java:580)
	at org.springframework.aop.support.AopUtils.invokeJoinpointUsingReflection(AopUtils.java:354)
	at org.springframework.aop.framework.ReflectiveMethodInvocation.invokeJoinpoint(ReflectiveMethodInvocation.java:196)
	at org.springframework.aop.framework.ReflectiveMethodInvocation.proceed(ReflectiveMethodInvocation.java:163)
	at org.springframework.aop.framework.CglibAopProxy$CglibMethodInvocation.proceed(CglibAopProxy.java:768)
	at org.springframework.aop.interceptor.ExposeInvocationInterceptor.invoke(ExposeInvocationInterceptor.java:97)
	at org.springframework.aop.framework.ReflectiveMethodInvocation.proceed(ReflectiveMethodInvocation.java:184)
	at org.springframework.aop.framework.CglibAopProxy$CglibMethodInvocation.proceed(CglibAopProxy.java:768)
	at org.springframework.aop.framework.CglibAopProxy$DynamicAdvisedInterceptor.intercept(CglibAopProxy.java:720)
	at org.apache.nifi.web.dao.impl.StandardProcessorDAO$$SpringCGLIB$$0.verifyDelete(<generated>)
	at org.apache.nifi.web.StandardNiFiServiceFacade.verifyDeleteProcessor(StandardNiFiServiceFacade.java:619)
	at java.base/jdk.internal.reflect.DirectMethodHandleAccessor.invoke(DirectMethodHandleAccessor.java:103)
	at java.base/java.lang.reflect.Method.invoke(Method.java:580)
	at org.springframework.aop.support.AopUtils.invokeJoinpointUsingReflection(AopUtils.java:354)
	at org.springframework.aop.framework.ReflectiveMethodInvocation.invokeJoinpoint(ReflectiveMethodInvocation.java:196)
	at org.springframework.aop.framework.ReflectiveMethodInvocation.proceed(ReflectiveMethodInvocation.java:163)
	at org.springframework.aop.framework.CglibAopProxy$CglibMethodInvocation.proceed(CglibAopProxy.java:768)
	at org.springframework.aop.aspectj.MethodInvocationProceedingJoinPoint.proceed(MethodInvocationProceedingJoinPoint.java:89)
	at org.apache.nifi.web.NiFiServiceFacadeLock.proceedWithReadLock(NiFiServiceFacadeLock.java:161)
	at org.apache.nifi.web.NiFiServiceFacadeLock.verifyLock(NiFiServiceFacadeLock.java:138)
	at java.base/jdk.internal.reflect.DirectMethodHandleAccessor.invoke(DirectMethodHandleAccessor.java:103)
	at java.base/java.lang.reflect.Method.invoke(Method.java:580)
	at org.springframework.aop.aspectj.AbstractAspectJAdvice.invokeAdviceMethodWithGivenArgs(AbstractAspectJAdvice.java:637)
	at org.springframework.aop.aspectj.AbstractAspectJAdvice.invokeAdviceMethod(AbstractAspectJAdvice.java:627)
	at org.springframework.aop.aspectj.AspectJAroundAdvice.invoke(AspectJAroundAdvice.java:71)
	at org.springframework.aop.framework.ReflectiveMethodInvocation.proceed(ReflectiveMethodInvocation.java:184)
	at org.springframework.aop.framework.CglibAopProxy$CglibMethodInvocation.proceed(CglibAopProxy.java:768)
	at org.springframework.aop.interceptor.ExposeInvocationInterceptor.invoke(ExposeInvocationInterceptor.java:97)
	at org.springframework.aop.framework.ReflectiveMethodInvocation.proceed(ReflectiveMethodInvocation.java:184)
	at org.springframework.aop.framework.CglibAopProxy$CglibMethodInvocation.proceed(CglibAopProxy.java:768)
	at org.springframework.aop.framework.CglibAopProxy$DynamicAdvisedInterceptor.intercept(CglibAopProxy.java:720)
	at org.apache.nifi.web.StandardNiFiServiceFacade$$SpringCGLIB$$0.verifyDeleteProcessor(<generated>)
	at org.apache.nifi.web.api.ProcessorResource.lambda$deleteProcessor$22(ProcessorResource.java:987)
	at org.apache.nifi.web.api.ApplicationResource.withWriteLock(ApplicationResource.java:584)
	at org.apache.nifi.web.api.ProcessorResource.deleteProcessor(ProcessorResource.java:971)
	at java.base/jdk.internal.reflect.DirectMethodHandleAccessor.invoke(DirectMethodHandleAccessor.java:103)
	at java.base/java.lang.reflect.Method.invoke(Method.java:580)
	at org.glassfish.jersey.server.model.internal.ResourceMethodInvocationHandlerFactory.lambda$static$0(ResourceMethodInvocationHandlerFactory.java:52)
	at org.glassfish.jersey.server.model.internal.AbstractJavaResourceMethodDispatcher$1.run(AbstractJavaResourceMethodDispatcher.java:146)
	at org.glassfish.jersey.server.model.internal.AbstractJavaResourceMethodDispatcher.invoke(AbstractJavaResourceMethodDispatcher.java:189)
	at org.glassfish.jersey.server.model.internal.JavaResourceMethodDispatcherProvider$ResponseOutInvoker.doDispatch(JavaResourceMethodDispatcherProvider.java:176)
	at org.glassfish.jersey.server.model.internal.AbstractJavaResourceMethodDispatcher.dispatch(AbstractJavaResourceMethodDispatcher.java:93)
	at org.glassfish.jersey.server.model.ResourceMethodInvoker.invoke(ResourceMethodInvoker.java:478)
	at org.glassfish.jersey.server.model.ResourceMethodInvoker.apply(ResourceMethodInvoker.java:400)
	at org.glassfish.jersey.server.model.ResourceMethodInvoker.apply(ResourceMethodInvoker.java:81)
	at org.glassfish.jersey.server.ServerRuntime$1.run(ServerRuntime.java:263)
	at org.glassfish.jersey.internal.Errors$1.call(Errors.java:248)
	at org.glassfish.jersey.internal.Errors$1.call(Errors.java:244)
	at org.glassfish.jersey.internal.Errors.process(Errors.java:292)
	at org.glassfish.jersey.internal.Errors.process(Errors.java:274)
	at org.glassfish.jersey.internal.Errors.process(Errors.java:244)
	at org.glassfish.jersey.process.internal.RequestScope.runInScope(RequestScope.java:266)
	at org.glassfish.jersey.server.ServerRuntime.process(ServerRuntime.java:242)
	at org.glassfish.jersey.server.ApplicationHandler.handle(ApplicationHandler.java:697)
	at org.glassfish.jersey.servlet.WebComponent.serviceImpl(WebComponent.java:394)
	at org.glassfish.jersey.servlet.WebComponent.service(WebComponent.java:346)
	at org.glassfish.jersey.servlet.ServletContainer.service(ServletContainer.java:358)
	at org.glassfish.jersey.servlet.ServletContainer.service(ServletContainer.java:312)
	at org.glassfish.jersey.servlet.ServletContainer.service(ServletContainer.java:205)
	at org.eclipse.jetty.ee10.servlet.ServletHolder$NotAsync.service(ServletHolder.java:1379)
	at org.eclipse.jetty.ee10.servlet.ServletHolder.handle(ServletHolder.java:736)
	at org.eclipse.jetty.ee10.servlet.ServletHandler$ChainEnd.doFilter(ServletHandler.java:1614)
	at org.springframework.security.web.FilterChainProxy.lambda$doFilterInternal$3(FilterChainProxy.java:231)
	at org.springframework.security.web.FilterChainProxy$VirtualFilterChain.doFilter(FilterChainProxy.java:365)
	at org.springframework.security.web.access.intercept.AuthorizationFilter.doFilter(AuthorizationFilter.java:100)
	at org.springframework.security.web.FilterChainProxy$VirtualFilterChain.doFilter(FilterChainProxy.java:374)
	at org.springframework.security.web.access.ExceptionTranslationFilter.doFilter(ExceptionTranslationFilter.java:126)
	at org.springframework.security.web.access.ExceptionTranslationFilter.doFilter(ExceptionTranslationFilter.java:120)
	at org.springframework.security.web.FilterChainProxy$VirtualFilterChain.doFilter(FilterChainProxy.java:374)
	at org.apache.nifi.web.security.log.AuthenticationUserFilter.doFilterInternal(AuthenticationUserFilter.java:57)
	at org.springframework.web.filter.OncePerRequestFilter.doFilter(OncePerRequestFilter.java:116)
	at org.springframework.security.web.FilterChainProxy$VirtualFilterChain.doFilter(FilterChainProxy.java:374)
	at org.springframework.security.web.authentication.AnonymousAuthenticationFilter.doFilter(AnonymousAuthenticationFilter.java:100)
	at org.springframework.security.web.FilterChainProxy$VirtualFilterChain.doFilter(FilterChainProxy.java:374)
	at org.springframework.security.oauth2.server.resource.web.authentication.BearerTokenAuthenticationFilter.doFilterInternal(BearerTokenAuthenticationFilter.java:145)
	at org.springframework.web.filter.OncePerRequestFilter.doFilter(OncePerRequestFilter.java:116)
	at org.springframework.security.web.FilterChainProxy$VirtualFilterChain.doFilter(FilterChainProxy.java:374)
	at org.apache.nifi.web.security.NiFiAuthenticationFilter.authenticate(NiFiAuthenticationFilter.java:94)
	at org.apache.nifi.web.security.NiFiAuthenticationFilter.doFilter(NiFiAuthenticationFilter.java:56)
	at org.springframework.security.web.FilterChainProxy$VirtualFilterChain.doFilter(FilterChainProxy.java:374)
	at org.apache.nifi.web.security.csrf.CsrfCookieFilter.doFilterInternal(CsrfCookieFilter.java:43)
	at org.springframework.web.filter.OncePerRequestFilter.doFilter(OncePerRequestFilter.java:116)
	at org.springframework.security.web.FilterChainProxy$VirtualFilterChain.doFilter(FilterChainProxy.java:374)
	at org.springframework.security.web.csrf.CsrfFilter.doFilterInternal(CsrfFilter.java:131)
	at org.springframework.web.filter.OncePerRequestFilter.doFilter(OncePerRequestFilter.java:116)
	at org.springframework.security.web.FilterChainProxy$VirtualFilterChain.doFilter(FilterChainProxy.java:374)
	at org.apache.nifi.web.security.csrf.SkipReplicatedCsrfFilter.doFilterInternal(SkipReplicatedCsrfFilter.java:59)
	at org.springframework.web.filter.OncePerRequestFilter.doFilter(OncePerRequestFilter.java:116)
	at org.springframework.security.web.FilterChainProxy$VirtualFilterChain.doFilter(FilterChainProxy.java:374)
	at org.springframework.security.web.context.request.async.WebAsyncManagerIntegrationFilter.doFilterInternal(WebAsyncManagerIntegrationFilter.java:62)
	at org.springframework.web.filter.OncePerRequestFilter.doFilter(OncePerRequestFilter.java:116)
	at org.springframework.security.web.FilterChainProxy$VirtualFilterChain.doFilter(FilterChainProxy.java:374)
	at org.springframework.security.web.FilterChainProxy.doFilterInternal(FilterChainProxy.java:233)
	at org.springframework.security.web.FilterChainProxy.doFilter(FilterChainProxy.java:191)
	at org.springframework.web.filter.DelegatingFilterProxy.invokeDelegate(DelegatingFilterProxy.java:352)
	at org.springframework.web.filter.DelegatingFilterProxy.doFilter(DelegatingFilterProxy.java:268)
	at org.eclipse.jetty.ee10.servlet.FilterHolder.doFilter(FilterHolder.java:205)
	at org.eclipse.jetty.ee10.servlet.ServletHandler$Chain.doFilter(ServletHandler.java:1586)
	at org.apache.nifi.web.filter.ExceptionFilter.doFilter(ExceptionFilter.java:44)
	at org.eclipse.jetty.ee10.servlet.FilterHolder.doFilter(FilterHolder.java:208)
	at org.eclipse.jetty.ee10.servlet.ServletHandler$Chain.doFilter(ServletHandler.java:1586)
	at org.eclipse.jetty.ee10.servlets.DoSFilter.doFilterChain(DoSFilter.java:462)
	at org.apache.nifi.web.server.filter.DataTransferExcludedDoSFilter.doFilterChain(DataTransferExcludedDoSFilter.java:51)
	at org.eclipse.jetty.ee10.servlets.DoSFilter.doFilter(DoSFilter.java:317)
	at org.eclipse.jetty.ee10.servlets.DoSFilter.doFilter(DoSFilter.java:282)
	at org.eclipse.jetty.ee10.servlet.FilterHolder.doFilter(FilterHolder.java:205)
	at org.eclipse.jetty.ee10.servlet.ServletHandler$Chain.doFilter(ServletHandler.java:1586)
	at org.springframework.security.web.header.HeaderWriterFilter.doHeadersAfter(HeaderWriterFilter.java:90)
	at org.springframework.security.web.header.HeaderWriterFilter.doFilterInternal(HeaderWriterFilter.java:75)
	at org.springframework.web.filter.OncePerRequestFilter.doFilter(OncePerRequestFilter.java:116)
	at org.eclipse.jetty.ee10.servlet.FilterHolder.doFilter(FilterHolder.java:205)
	at org.eclipse.jetty.ee10.servlet.ServletHandler$Chain.doFilter(ServletHandler.java:1586)
	at org.apache.nifi.web.server.log.RequestAuthenticationFilter.doFilterInternal(RequestAuthenticationFilter.java:59)
	at org.springframework.web.filter.OncePerRequestFilter.doFilter(OncePerRequestFilter.java:116)
	at org.eclipse.jetty.ee10.servlet.FilterHolder.doFilter(FilterHolder.java:205)
	at org.eclipse.jetty.ee10.servlet.ServletHandler$Chain.doFilter(ServletHandler.java:1586)
	at org.eclipse.jetty.ee10.servlet.ServletHandler$MappedServlet.handle(ServletHandler.java:1547)
	at org.eclipse.jetty.ee10.servlet.ServletChannel.dispatch(ServletChannel.java:824)
	at org.eclipse.jetty.ee10.servlet.ServletChannel.handle(ServletChannel.java:436)
	at org.eclipse.jetty.ee10.servlet.ServletHandler.handle(ServletHandler.java:464)
	at org.eclipse.jetty.security.SecurityHandler.handle(SecurityHandler.java:575)
	at org.eclipse.jetty.ee10.servlet.SessionHandler.handle(SessionHandler.java:703)
	at org.eclipse.jetty.server.handler.ContextHandler.handle(ContextHandler.java:851)
	at org.eclipse.jetty.server.handler.ContextHandlerCollection.handle(ContextHandlerCollection.java:181)
	at org.eclipse.jetty.server.handler.ContextHandlerCollection.handle(ContextHandlerCollection.java:181)
	at org.eclipse.jetty.server.Server.handle(Server.java:179)
	at org.eclipse.jetty.server.internal.HttpChannelState$HandlerInvoker.run(HttpChannelState.java:635)
	at org.eclipse.jetty.util.thread.Invocable$ReadyTask.run(Invocable.java:105)
	at org.eclipse.jetty.http2.server.internal.HttpStreamOverHTTP2$1.run(HttpStreamOverHTTP2.java:133)
	at org.eclipse.jetty.util.thread.QueuedThreadPool.runJob(QueuedThreadPool.java:979)
	at org.eclipse.jetty.util.thread.QueuedThreadPool$Runner.doRunJob(QueuedThreadPool.java:1209)
	at org.eclipse.jetty.util.thread.QueuedThreadPool$Runner.run(QueuedThreadPool.java:1164)
	at java.base/java.lang.Thread.run(Thread.java:1583)
2024-06-22 11:25:09,191 WARN [NiFi Web Server-172] o.a.n.w.a.c.IllegalStateExceptionMapper java.lang.IllegalStateException: Cannot delete ExecuteSQL[id=404e5a34-0190-1000-0a0f-e9322f78ebcf] because it is the destination of another component. Returning Conflict response.
java.lang.IllegalStateException: Cannot delete ExecuteSQL[id=404e5a34-0190-1000-0a0f-e9322f78ebcf] because it is the destination of another component
	at org.apache.nifi.controller.StandardProcessorNode.verifyCanDelete(StandardProcessorNode.java:1315)
	at org.apache.nifi.controller.StandardProcessorNode.verifyCanDelete(StandardProcessorNode.java:1295)
	at org.apache.nifi.web.dao.impl.StandardProcessorDAO.verifyDelete(StandardProcessorDAO.java:581)
	at java.base/jdk.internal.reflect.DirectMethodHandleAccessor.invoke(DirectMethodHandleAccessor.java:103)
	at java.base/java.lang.reflect.Method.invoke(Method.java:580)
	at org.springframework.aop.support.AopUtils.invokeJoinpointUsingReflection(AopUtils.java:354)
	at org.springframework.aop.framework.ReflectiveMethodInvocation.invokeJoinpoint(ReflectiveMethodInvocation.java:196)
	at org.springframework.aop.framework.ReflectiveMethodInvocation.proceed(ReflectiveMethodInvocation.java:163)
	at org.springframework.aop.framework.CglibAopProxy$CglibMethodInvocation.proceed(CglibAopProxy.java:768)
	at org.springframework.aop.interceptor.ExposeInvocationInterceptor.invoke(ExposeInvocationInterceptor.java:97)
	at org.springframework.aop.framework.ReflectiveMethodInvocation.proceed(ReflectiveMethodInvocation.java:184)
	at org.springframework.aop.framework.CglibAopProxy$CglibMethodInvocation.proceed(CglibAopProxy.java:768)
	at org.springframework.aop.framework.CglibAopProxy$DynamicAdvisedInterceptor.intercept(CglibAopProxy.java:720)
	at org.apache.nifi.web.dao.impl.StandardProcessorDAO$$SpringCGLIB$$0.verifyDelete(<generated>)
	at org.apache.nifi.web.StandardNiFiServiceFacade.verifyDeleteProcessor(StandardNiFiServiceFacade.java:619)
	at java.base/jdk.internal.reflect.DirectMethodHandleAccessor.invoke(DirectMethodHandleAccessor.java:103)
	at java.base/java.lang.reflect.Method.invoke(Method.java:580)
	at org.springframework.aop.support.AopUtils.invokeJoinpointUsingReflection(AopUtils.java:354)
	at org.springframework.aop.framework.ReflectiveMethodInvocation.invokeJoinpoint(ReflectiveMethodInvocation.java:196)
	at org.springframework.aop.framework.ReflectiveMethodInvocation.proceed(ReflectiveMethodInvocation.java:163)
	at org.springframework.aop.framework.CglibAopProxy$CglibMethodInvocation.proceed(CglibAopProxy.java:768)
	at org.springframework.aop.aspectj.MethodInvocationProceedingJoinPoint.proceed(MethodInvocationProceedingJoinPoint.java:89)
	at org.apache.nifi.web.NiFiServiceFacadeLock.proceedWithReadLock(NiFiServiceFacadeLock.java:161)
	at org.apache.nifi.web.NiFiServiceFacadeLock.verifyLock(NiFiServiceFacadeLock.java:138)
	at java.base/jdk.internal.reflect.DirectMethodHandleAccessor.invoke(DirectMethodHandleAccessor.java:103)
	at java.base/java.lang.reflect.Method.invoke(Method.java:580)
	at org.springframework.aop.aspectj.AbstractAspectJAdvice.invokeAdviceMethodWithGivenArgs(AbstractAspectJAdvice.java:637)
	at org.springframework.aop.aspectj.AbstractAspectJAdvice.invokeAdviceMethod(AbstractAspectJAdvice.java:627)
	at org.springframework.aop.aspectj.AspectJAroundAdvice.invoke(AspectJAroundAdvice.java:71)
	at org.springframework.aop.framework.ReflectiveMethodInvocation.proceed(ReflectiveMethodInvocation.java:184)
	at org.springframework.aop.framework.CglibAopProxy$CglibMethodInvocation.proceed(CglibAopProxy.java:768)
	at org.springframework.aop.interceptor.ExposeInvocationInterceptor.invoke(ExposeInvocationInterceptor.java:97)
	at org.springframework.aop.framework.ReflectiveMethodInvocation.proceed(ReflectiveMethodInvocation.java:184)
	at org.springframework.aop.framework.CglibAopProxy$CglibMethodInvocation.proceed(CglibAopProxy.java:768)
	at org.springframework.aop.framework.CglibAopProxy$DynamicAdvisedInterceptor.intercept(CglibAopProxy.java:720)
	at org.apache.nifi.web.StandardNiFiServiceFacade$$SpringCGLIB$$0.verifyDeleteProcessor(<generated>)
	at org.apache.nifi.web.api.ProcessorResource.lambda$deleteProcessor$22(ProcessorResource.java:987)
	at org.apache.nifi.web.api.ApplicationResource.withWriteLock(ApplicationResource.java:584)
	at org.apache.nifi.web.api.ProcessorResource.deleteProcessor(ProcessorResource.java:971)
	at java.base/jdk.internal.reflect.DirectMethodHandleAccessor.invoke(DirectMethodHandleAccessor.java:103)
	at java.base/java.lang.reflect.Method.invoke(Method.java:580)
	at org.glassfish.jersey.server.model.internal.ResourceMethodInvocationHandlerFactory.lambda$static$0(ResourceMethodInvocationHandlerFactory.java:52)
	at org.glassfish.jersey.server.model.internal.AbstractJavaResourceMethodDispatcher$1.run(AbstractJavaResourceMethodDispatcher.java:146)
	at org.glassfish.jersey.server.model.internal.AbstractJavaResourceMethodDispatcher.invoke(AbstractJavaResourceMethodDispatcher.java:189)
	at org.glassfish.jersey.server.model.internal.JavaResourceMethodDispatcherProvider$ResponseOutInvoker.doDispatch(JavaResourceMethodDispatcherProvider.java:176)
	at org.glassfish.jersey.server.model.internal.AbstractJavaResourceMethodDispatcher.dispatch(AbstractJavaResourceMethodDispatcher.java:93)
	at org.glassfish.jersey.server.model.ResourceMethodInvoker.invoke(ResourceMethodInvoker.java:478)
	at org.glassfish.jersey.server.model.ResourceMethodInvoker.apply(ResourceMethodInvoker.java:400)
	at org.glassfish.jersey.server.model.ResourceMethodInvoker.apply(ResourceMethodInvoker.java:81)
	at org.glassfish.jersey.server.ServerRuntime$1.run(ServerRuntime.java:263)
	at org.glassfish.jersey.internal.Errors$1.call(Errors.java:248)
	at org.glassfish.jersey.internal.Errors$1.call(Errors.java:244)
	at org.glassfish.jersey.internal.Errors.process(Errors.java:292)
	at org.glassfish.jersey.internal.Errors.process(Errors.java:274)
	at org.glassfish.jersey.internal.Errors.process(Errors.java:244)
	at org.glassfish.jersey.process.internal.RequestScope.runInScope(RequestScope.java:266)
	at org.glassfish.jersey.server.ServerRuntime.process(ServerRuntime.java:242)
	at org.glassfish.jersey.server.ApplicationHandler.handle(ApplicationHandler.java:697)
	at org.glassfish.jersey.servlet.WebComponent.serviceImpl(WebComponent.java:394)
	at org.glassfish.jersey.servlet.WebComponent.service(WebComponent.java:346)
	at org.glassfish.jersey.servlet.ServletContainer.service(ServletContainer.java:358)
	at org.glassfish.jersey.servlet.ServletContainer.service(ServletContainer.java:312)
	at org.glassfish.jersey.servlet.ServletContainer.service(ServletContainer.java:205)
	at org.eclipse.jetty.ee10.servlet.ServletHolder$NotAsync.service(ServletHolder.java:1379)
	at org.eclipse.jetty.ee10.servlet.ServletHolder.handle(ServletHolder.java:736)
	at org.eclipse.jetty.ee10.servlet.ServletHandler$ChainEnd.doFilter(ServletHandler.java:1614)
	at org.springframework.security.web.FilterChainProxy.lambda$doFilterInternal$3(FilterChainProxy.java:231)
	at org.springframework.security.web.FilterChainProxy$VirtualFilterChain.doFilter(FilterChainProxy.java:365)
	at org.springframework.security.web.access.intercept.AuthorizationFilter.doFilter(AuthorizationFilter.java:100)
	at org.springframework.security.web.FilterChainProxy$VirtualFilterChain.doFilter(FilterChainProxy.java:374)
	at org.springframework.security.web.access.ExceptionTranslationFilter.doFilter(ExceptionTranslationFilter.java:126)
	at org.springframework.security.web.access.ExceptionTranslationFilter.doFilter(ExceptionTranslationFilter.java:120)
	at org.springframework.security.web.FilterChainProxy$VirtualFilterChain.doFilter(FilterChainProxy.java:374)
	at org.apache.nifi.web.security.log.AuthenticationUserFilter.doFilterInternal(AuthenticationUserFilter.java:57)
	at org.springframework.web.filter.OncePerRequestFilter.doFilter(OncePerRequestFilter.java:116)
	at org.springframework.security.web.FilterChainProxy$VirtualFilterChain.doFilter(FilterChainProxy.java:374)
	at org.springframework.security.web.authentication.AnonymousAuthenticationFilter.doFilter(AnonymousAuthenticationFilter.java:100)
	at org.springframework.security.web.FilterChainProxy$VirtualFilterChain.doFilter(FilterChainProxy.java:374)
	at org.springframework.security.oauth2.server.resource.web.authentication.BearerTokenAuthenticationFilter.doFilterInternal(BearerTokenAuthenticationFilter.java:145)
	at org.springframework.web.filter.OncePerRequestFilter.doFilter(OncePerRequestFilter.java:116)
	at org.springframework.security.web.FilterChainProxy$VirtualFilterChain.doFilter(FilterChainProxy.java:374)
	at org.apache.nifi.web.security.NiFiAuthenticationFilter.authenticate(NiFiAuthenticationFilter.java:94)
	at org.apache.nifi.web.security.NiFiAuthenticationFilter.doFilter(NiFiAuthenticationFilter.java:56)
	at org.springframework.security.web.FilterChainProxy$VirtualFilterChain.doFilter(FilterChainProxy.java:374)
	at org.apache.nifi.web.security.csrf.CsrfCookieFilter.doFilterInternal(CsrfCookieFilter.java:43)
	at org.springframework.web.filter.OncePerRequestFilter.doFilter(OncePerRequestFilter.java:116)
	at org.springframework.security.web.FilterChainProxy$VirtualFilterChain.doFilter(FilterChainProxy.java:374)
	at org.springframework.security.web.csrf.CsrfFilter.doFilterInternal(CsrfFilter.java:131)
	at org.springframework.web.filter.OncePerRequestFilter.doFilter(OncePerRequestFilter.java:116)
	at org.springframework.security.web.FilterChainProxy$VirtualFilterChain.doFilter(FilterChainProxy.java:374)
	at org.apache.nifi.web.security.csrf.SkipReplicatedCsrfFilter.doFilterInternal(SkipReplicatedCsrfFilter.java:59)
	at org.springframework.web.filter.OncePerRequestFilter.doFilter(OncePerRequestFilter.java:116)
	at org.springframework.security.web.FilterChainProxy$VirtualFilterChain.doFilter(FilterChainProxy.java:374)
	at org.springframework.security.web.context.request.async.WebAsyncManagerIntegrationFilter.doFilterInternal(WebAsyncManagerIntegrationFilter.java:62)
	at org.springframework.web.filter.OncePerRequestFilter.doFilter(OncePerRequestFilter.java:116)
	at org.springframework.security.web.FilterChainProxy$VirtualFilterChain.doFilter(FilterChainProxy.java:374)
	at org.springframework.security.web.FilterChainProxy.doFilterInternal(FilterChainProxy.java:233)
	at org.springframework.security.web.FilterChainProxy.doFilter(FilterChainProxy.java:191)
	at org.springframework.web.filter.DelegatingFilterProxy.invokeDelegate(DelegatingFilterProxy.java:352)
	at org.springframework.web.filter.DelegatingFilterProxy.doFilter(DelegatingFilterProxy.java:268)
	at org.eclipse.jetty.ee10.servlet.FilterHolder.doFilter(FilterHolder.java:205)
	at org.eclipse.jetty.ee10.servlet.ServletHandler$Chain.doFilter(ServletHandler.java:1586)
	at org.apache.nifi.web.filter.ExceptionFilter.doFilter(ExceptionFilter.java:44)
	at org.eclipse.jetty.ee10.servlet.FilterHolder.doFilter(FilterHolder.java:208)
	at org.eclipse.jetty.ee10.servlet.ServletHandler$Chain.doFilter(ServletHandler.java:1586)
	at org.eclipse.jetty.ee10.servlets.DoSFilter.doFilterChain(DoSFilter.java:462)
	at org.apache.nifi.web.server.filter.DataTransferExcludedDoSFilter.doFilterChain(DataTransferExcludedDoSFilter.java:51)
	at org.eclipse.jetty.ee10.servlets.DoSFilter.doFilter(DoSFilter.java:317)
	at org.eclipse.jetty.ee10.servlets.DoSFilter.doFilter(DoSFilter.java:282)
	at org.eclipse.jetty.ee10.servlet.FilterHolder.doFilter(FilterHolder.java:205)
	at org.eclipse.jetty.ee10.servlet.ServletHandler$Chain.doFilter(ServletHandler.java:1586)
	at org.springframework.security.web.header.HeaderWriterFilter.doHeadersAfter(HeaderWriterFilter.java:90)
	at org.springframework.security.web.header.HeaderWriterFilter.doFilterInternal(HeaderWriterFilter.java:75)
	at org.springframework.web.filter.OncePerRequestFilter.doFilter(OncePerRequestFilter.java:116)
	at org.eclipse.jetty.ee10.servlet.FilterHolder.doFilter(FilterHolder.java:205)
	at org.eclipse.jetty.ee10.servlet.ServletHandler$Chain.doFilter(ServletHandler.java:1586)
	at org.apache.nifi.web.server.log.RequestAuthenticationFilter.doFilterInternal(RequestAuthenticationFilter.java:59)
	at org.springframework.web.filter.OncePerRequestFilter.doFilter(OncePerRequestFilter.java:116)
	at org.eclipse.jetty.ee10.servlet.FilterHolder.doFilter(FilterHolder.java:205)
	at org.eclipse.jetty.ee10.servlet.ServletHandler$Chain.doFilter(ServletHandler.java:1586)
	at org.eclipse.jetty.ee10.servlet.ServletHandler$MappedServlet.handle(ServletHandler.java:1547)
	at org.eclipse.jetty.ee10.servlet.ServletChannel.dispatch(ServletChannel.java:824)
	at org.eclipse.jetty.ee10.servlet.ServletChannel.handle(ServletChannel.java:436)
	at org.eclipse.jetty.ee10.servlet.ServletHandler.handle(ServletHandler.java:464)
	at org.eclipse.jetty.security.SecurityHandler.handle(SecurityHandler.java:575)
	at org.eclipse.jetty.ee10.servlet.SessionHandler.handle(SessionHandler.java:703)
	at org.eclipse.jetty.server.handler.ContextHandler.handle(ContextHandler.java:851)
	at org.eclipse.jetty.server.handler.ContextHandlerCollection.handle(ContextHandlerCollection.java:181)
	at org.eclipse.jetty.server.handler.ContextHandlerCollection.handle(ContextHandlerCollection.java:181)
	at org.eclipse.jetty.server.Server.handle(Server.java:179)
	at org.eclipse.jetty.server.internal.HttpChannelState$HandlerInvoker.run(HttpChannelState.java:635)
	at org.eclipse.jetty.util.thread.Invocable$ReadyTask.run(Invocable.java:105)
	at org.eclipse.jetty.http2.server.internal.HttpStreamOverHTTP2$1.run(HttpStreamOverHTTP2.java:133)
	at org.eclipse.jetty.util.thread.strategy.AdaptiveExecutionStrategy.runTask(AdaptiveExecutionStrategy.java:478)
	at org.eclipse.jetty.util.thread.strategy.AdaptiveExecutionStrategy.consumeTask(AdaptiveExecutionStrategy.java:441)
	at org.eclipse.jetty.util.thread.strategy.AdaptiveExecutionStrategy.tryProduce(AdaptiveExecutionStrategy.java:293)
	at org.eclipse.jetty.util.thread.strategy.AdaptiveExecutionStrategy.produce(AdaptiveExecutionStrategy.java:195)
	at org.eclipse.jetty.http2.HTTP2Connection.produce(HTTP2Connection.java:211)
	at org.eclipse.jetty.http2.HTTP2Connection.onFillable(HTTP2Connection.java:158)
	at org.eclipse.jetty.http2.HTTP2Connection$FillableCallback.succeeded(HTTP2Connection.java:449)
	at org.eclipse.jetty.io.FillInterest.fillable(FillInterest.java:99)
	at org.eclipse.jetty.io.ssl.SslConnection$SslEndPoint.onFillable(SslConnection.java:574)
	at org.eclipse.jetty.io.ssl.SslConnection.onFillable(SslConnection.java:390)
	at org.eclipse.jetty.io.ssl.SslConnection$2.succeeded(SslConnection.java:150)
	at org.eclipse.jetty.io.FillInterest.fillable(FillInterest.java:99)
	at org.eclipse.jetty.io.SelectableChannelEndPoint$1.run(SelectableChannelEndPoint.java:53)
	at org.eclipse.jetty.util.thread.strategy.AdaptiveExecutionStrategy.runTask(AdaptiveExecutionStrategy.java:478)
	at org.eclipse.jetty.util.thread.strategy.AdaptiveExecutionStrategy.consumeTask(AdaptiveExecutionStrategy.java:441)
	at org.eclipse.jetty.util.thread.strategy.AdaptiveExecutionStrategy.tryProduce(AdaptiveExecutionStrategy.java:293)
	at org.eclipse.jetty.util.thread.strategy.AdaptiveExecutionStrategy.run(AdaptiveExecutionStrategy.java:201)
	at org.eclipse.jetty.util.thread.ReservedThreadExecutor$ReservedThread.run(ReservedThreadExecutor.java:311)
	at org.eclipse.jetty.util.thread.QueuedThreadPool.runJob(QueuedThreadPool.java:979)
	at org.eclipse.jetty.util.thread.QueuedThreadPool$Runner.doRunJob(QueuedThreadPool.java:1209)
	at org.eclipse.jetty.util.thread.QueuedThreadPool$Runner.run(QueuedThreadPool.java:1164)
	at java.base/java.lang.Thread.run(Thread.java:1583)
2024-06-22 11:28:11,165 WARN [NiFi Web Server-162] o.a.n.w.a.c.IllegalStateExceptionMapper java.lang.IllegalStateException: Cannot delete ExecuteSQL[id=40519493-0190-1000-9d4d-565b1fc130cd] because it is the destination of another component. Returning Conflict response.
java.lang.IllegalStateException: Cannot delete ExecuteSQL[id=40519493-0190-1000-9d4d-565b1fc130cd] because it is the destination of another component
	at org.apache.nifi.controller.StandardProcessorNode.verifyCanDelete(StandardProcessorNode.java:1315)
	at org.apache.nifi.controller.StandardProcessorNode.verifyCanDelete(StandardProcessorNode.java:1295)
	at org.apache.nifi.web.dao.impl.StandardProcessorDAO.verifyDelete(StandardProcessorDAO.java:581)
	at java.base/jdk.internal.reflect.DirectMethodHandleAccessor.invoke(DirectMethodHandleAccessor.java:103)
	at java.base/java.lang.reflect.Method.invoke(Method.java:580)
	at org.springframework.aop.support.AopUtils.invokeJoinpointUsingReflection(AopUtils.java:354)
	at org.springframework.aop.framework.ReflectiveMethodInvocation.invokeJoinpoint(ReflectiveMethodInvocation.java:196)
	at org.springframework.aop.framework.ReflectiveMethodInvocation.proceed(ReflectiveMethodInvocation.java:163)
	at org.springframework.aop.framework.CglibAopProxy$CglibMethodInvocation.proceed(CglibAopProxy.java:768)
	at org.springframework.aop.interceptor.ExposeInvocationInterceptor.invoke(ExposeInvocationInterceptor.java:97)
	at org.springframework.aop.framework.ReflectiveMethodInvocation.proceed(ReflectiveMethodInvocation.java:184)
	at org.springframework.aop.framework.CglibAopProxy$CglibMethodInvocation.proceed(CglibAopProxy.java:768)
	at org.springframework.aop.framework.CglibAopProxy$DynamicAdvisedInterceptor.intercept(CglibAopProxy.java:720)
	at org.apache.nifi.web.dao.impl.StandardProcessorDAO$$SpringCGLIB$$0.verifyDelete(<generated>)
	at org.apache.nifi.web.StandardNiFiServiceFacade.verifyDeleteProcessor(StandardNiFiServiceFacade.java:619)
	at java.base/jdk.internal.reflect.DirectMethodHandleAccessor.invoke(DirectMethodHandleAccessor.java:103)
	at java.base/java.lang.reflect.Method.invoke(Method.java:580)
	at org.springframework.aop.support.AopUtils.invokeJoinpointUsingReflection(AopUtils.java:354)
	at org.springframework.aop.framework.ReflectiveMethodInvocation.invokeJoinpoint(ReflectiveMethodInvocation.java:196)
	at org.springframework.aop.framework.ReflectiveMethodInvocation.proceed(ReflectiveMethodInvocation.java:163)
	at org.springframework.aop.framework.CglibAopProxy$CglibMethodInvocation.proceed(CglibAopProxy.java:768)
	at org.springframework.aop.aspectj.MethodInvocationProceedingJoinPoint.proceed(MethodInvocationProceedingJoinPoint.java:89)
	at org.apache.nifi.web.NiFiServiceFacadeLock.proceedWithReadLock(NiFiServiceFacadeLock.java:161)
	at org.apache.nifi.web.NiFiServiceFacadeLock.verifyLock(NiFiServiceFacadeLock.java:138)
	at java.base/jdk.internal.reflect.DirectMethodHandleAccessor.invoke(DirectMethodHandleAccessor.java:103)
	at java.base/java.lang.reflect.Method.invoke(Method.java:580)
	at org.springframework.aop.aspectj.AbstractAspectJAdvice.invokeAdviceMethodWithGivenArgs(AbstractAspectJAdvice.java:637)
	at org.springframework.aop.aspectj.AbstractAspectJAdvice.invokeAdviceMethod(AbstractAspectJAdvice.java:627)
	at org.springframework.aop.aspectj.AspectJAroundAdvice.invoke(AspectJAroundAdvice.java:71)
	at org.springframework.aop.framework.ReflectiveMethodInvocation.proceed(ReflectiveMethodInvocation.java:184)
	at org.springframework.aop.framework.CglibAopProxy$CglibMethodInvocation.proceed(CglibAopProxy.java:768)
	at org.springframework.aop.interceptor.ExposeInvocationInterceptor.invoke(ExposeInvocationInterceptor.java:97)
	at org.springframework.aop.framework.ReflectiveMethodInvocation.proceed(ReflectiveMethodInvocation.java:184)
	at org.springframework.aop.framework.CglibAopProxy$CglibMethodInvocation.proceed(CglibAopProxy.java:768)
	at org.springframework.aop.framework.CglibAopProxy$DynamicAdvisedInterceptor.intercept(CglibAopProxy.java:720)
	at org.apache.nifi.web.StandardNiFiServiceFacade$$SpringCGLIB$$0.verifyDeleteProcessor(<generated>)
	at org.apache.nifi.web.api.ProcessorResource.lambda$deleteProcessor$22(ProcessorResource.java:987)
	at org.apache.nifi.web.api.ApplicationResource.withWriteLock(ApplicationResource.java:584)
	at org.apache.nifi.web.api.ProcessorResource.deleteProcessor(ProcessorResource.java:971)
	at java.base/jdk.internal.reflect.DirectMethodHandleAccessor.invoke(DirectMethodHandleAccessor.java:103)
	at java.base/java.lang.reflect.Method.invoke(Method.java:580)
	at org.glassfish.jersey.server.model.internal.ResourceMethodInvocationHandlerFactory.lambda$static$0(ResourceMethodInvocationHandlerFactory.java:52)
	at org.glassfish.jersey.server.model.internal.AbstractJavaResourceMethodDispatcher$1.run(AbstractJavaResourceMethodDispatcher.java:146)
	at org.glassfish.jersey.server.model.internal.AbstractJavaResourceMethodDispatcher.invoke(AbstractJavaResourceMethodDispatcher.java:189)
	at org.glassfish.jersey.server.model.internal.JavaResourceMethodDispatcherProvider$ResponseOutInvoker.doDispatch(JavaResourceMethodDispatcherProvider.java:176)
	at org.glassfish.jersey.server.model.internal.AbstractJavaResourceMethodDispatcher.dispatch(AbstractJavaResourceMethodDispatcher.java:93)
	at org.glassfish.jersey.server.model.ResourceMethodInvoker.invoke(ResourceMethodInvoker.java:478)
	at org.glassfish.jersey.server.model.ResourceMethodInvoker.apply(ResourceMethodInvoker.java:400)
	at org.glassfish.jersey.server.model.ResourceMethodInvoker.apply(ResourceMethodInvoker.java:81)
	at org.glassfish.jersey.server.ServerRuntime$1.run(ServerRuntime.java:263)
	at org.glassfish.jersey.internal.Errors$1.call(Errors.java:248)
	at org.glassfish.jersey.internal.Errors$1.call(Errors.java:244)
	at org.glassfish.jersey.internal.Errors.process(Errors.java:292)
	at org.glassfish.jersey.internal.Errors.process(Errors.java:274)
	at org.glassfish.jersey.internal.Errors.process(Errors.java:244)
	at org.glassfish.jersey.process.internal.RequestScope.runInScope(RequestScope.java:266)
	at org.glassfish.jersey.server.ServerRuntime.process(ServerRuntime.java:242)
	at org.glassfish.jersey.server.ApplicationHandler.handle(ApplicationHandler.java:697)
	at org.glassfish.jersey.servlet.WebComponent.serviceImpl(WebComponent.java:394)
	at org.glassfish.jersey.servlet.WebComponent.service(WebComponent.java:346)
	at org.glassfish.jersey.servlet.ServletContainer.service(ServletContainer.java:358)
	at org.glassfish.jersey.servlet.ServletContainer.service(ServletContainer.java:312)
	at org.glassfish.jersey.servlet.ServletContainer.service(ServletContainer.java:205)
	at org.eclipse.jetty.ee10.servlet.ServletHolder$NotAsync.service(ServletHolder.java:1379)
	at org.eclipse.jetty.ee10.servlet.ServletHolder.handle(ServletHolder.java:736)
	at org.eclipse.jetty.ee10.servlet.ServletHandler$ChainEnd.doFilter(ServletHandler.java:1614)
	at org.springframework.security.web.FilterChainProxy.lambda$doFilterInternal$3(FilterChainProxy.java:231)
	at org.springframework.security.web.FilterChainProxy$VirtualFilterChain.doFilter(FilterChainProxy.java:365)
	at org.springframework.security.web.access.intercept.AuthorizationFilter.doFilter(AuthorizationFilter.java:100)
	at org.springframework.security.web.FilterChainProxy$VirtualFilterChain.doFilter(FilterChainProxy.java:374)
	at org.springframework.security.web.access.ExceptionTranslationFilter.doFilter(ExceptionTranslationFilter.java:126)
	at org.springframework.security.web.access.ExceptionTranslationFilter.doFilter(ExceptionTranslationFilter.java:120)
	at org.springframework.security.web.FilterChainProxy$VirtualFilterChain.doFilter(FilterChainProxy.java:374)
	at org.apache.nifi.web.security.log.AuthenticationUserFilter.doFilterInternal(AuthenticationUserFilter.java:57)
	at org.springframework.web.filter.OncePerRequestFilter.doFilter(OncePerRequestFilter.java:116)
	at org.springframework.security.web.FilterChainProxy$VirtualFilterChain.doFilter(FilterChainProxy.java:374)
	at org.springframework.security.web.authentication.AnonymousAuthenticationFilter.doFilter(AnonymousAuthenticationFilter.java:100)
	at org.springframework.security.web.FilterChainProxy$VirtualFilterChain.doFilter(FilterChainProxy.java:374)
	at org.springframework.security.oauth2.server.resource.web.authentication.BearerTokenAuthenticationFilter.doFilterInternal(BearerTokenAuthenticationFilter.java:145)
	at org.springframework.web.filter.OncePerRequestFilter.doFilter(OncePerRequestFilter.java:116)
	at org.springframework.security.web.FilterChainProxy$VirtualFilterChain.doFilter(FilterChainProxy.java:374)
	at org.apache.nifi.web.security.NiFiAuthenticationFilter.authenticate(NiFiAuthenticationFilter.java:94)
	at org.apache.nifi.web.security.NiFiAuthenticationFilter.doFilter(NiFiAuthenticationFilter.java:56)
	at org.springframework.security.web.FilterChainProxy$VirtualFilterChain.doFilter(FilterChainProxy.java:374)
	at org.apache.nifi.web.security.csrf.CsrfCookieFilter.doFilterInternal(CsrfCookieFilter.java:43)
	at org.springframework.web.filter.OncePerRequestFilter.doFilter(OncePerRequestFilter.java:116)
	at org.springframework.security.web.FilterChainProxy$VirtualFilterChain.doFilter(FilterChainProxy.java:374)
	at org.springframework.security.web.csrf.CsrfFilter.doFilterInternal(CsrfFilter.java:131)
	at org.springframework.web.filter.OncePerRequestFilter.doFilter(OncePerRequestFilter.java:116)
	at org.springframework.security.web.FilterChainProxy$VirtualFilterChain.doFilter(FilterChainProxy.java:374)
	at org.apache.nifi.web.security.csrf.SkipReplicatedCsrfFilter.doFilterInternal(SkipReplicatedCsrfFilter.java:59)
	at org.springframework.web.filter.OncePerRequestFilter.doFilter(OncePerRequestFilter.java:116)
	at org.springframework.security.web.FilterChainProxy$VirtualFilterChain.doFilter(FilterChainProxy.java:374)
	at org.springframework.security.web.context.request.async.WebAsyncManagerIntegrationFilter.doFilterInternal(WebAsyncManagerIntegrationFilter.java:62)
	at org.springframework.web.filter.OncePerRequestFilter.doFilter(OncePerRequestFilter.java:116)
	at org.springframework.security.web.FilterChainProxy$VirtualFilterChain.doFilter(FilterChainProxy.java:374)
	at org.springframework.security.web.FilterChainProxy.doFilterInternal(FilterChainProxy.java:233)
	at org.springframework.security.web.FilterChainProxy.doFilter(FilterChainProxy.java:191)
	at org.springframework.web.filter.DelegatingFilterProxy.invokeDelegate(DelegatingFilterProxy.java:352)
	at org.springframework.web.filter.DelegatingFilterProxy.doFilter(DelegatingFilterProxy.java:268)
	at org.eclipse.jetty.ee10.servlet.FilterHolder.doFilter(FilterHolder.java:205)
	at org.eclipse.jetty.ee10.servlet.ServletHandler$Chain.doFilter(ServletHandler.java:1586)
	at org.apache.nifi.web.filter.ExceptionFilter.doFilter(ExceptionFilter.java:44)
	at org.eclipse.jetty.ee10.servlet.FilterHolder.doFilter(FilterHolder.java:208)
	at org.eclipse.jetty.ee10.servlet.ServletHandler$Chain.doFilter(ServletHandler.java:1586)
	at org.eclipse.jetty.ee10.servlets.DoSFilter.doFilterChain(DoSFilter.java:462)
	at org.apache.nifi.web.server.filter.DataTransferExcludedDoSFilter.doFilterChain(DataTransferExcludedDoSFilter.java:51)
	at org.eclipse.jetty.ee10.servlets.DoSFilter.doFilter(DoSFilter.java:317)
	at org.eclipse.jetty.ee10.servlets.DoSFilter.doFilter(DoSFilter.java:282)
	at org.eclipse.jetty.ee10.servlet.FilterHolder.doFilter(FilterHolder.java:205)
	at org.eclipse.jetty.ee10.servlet.ServletHandler$Chain.doFilter(ServletHandler.java:1586)
	at org.springframework.security.web.header.HeaderWriterFilter.doHeadersAfter(HeaderWriterFilter.java:90)
	at org.springframework.security.web.header.HeaderWriterFilter.doFilterInternal(HeaderWriterFilter.java:75)
	at org.springframework.web.filter.OncePerRequestFilter.doFilter(OncePerRequestFilter.java:116)
	at org.eclipse.jetty.ee10.servlet.FilterHolder.doFilter(FilterHolder.java:205)
	at org.eclipse.jetty.ee10.servlet.ServletHandler$Chain.doFilter(ServletHandler.java:1586)
	at org.apache.nifi.web.server.log.RequestAuthenticationFilter.doFilterInternal(RequestAuthenticationFilter.java:59)
	at org.springframework.web.filter.OncePerRequestFilter.doFilter(OncePerRequestFilter.java:116)
	at org.eclipse.jetty.ee10.servlet.FilterHolder.doFilter(FilterHolder.java:205)
	at org.eclipse.jetty.ee10.servlet.ServletHandler$Chain.doFilter(ServletHandler.java:1586)
	at org.eclipse.jetty.ee10.servlet.ServletHandler$MappedServlet.handle(ServletHandler.java:1547)
	at org.eclipse.jetty.ee10.servlet.ServletChannel.dispatch(ServletChannel.java:824)
	at org.eclipse.jetty.ee10.servlet.ServletChannel.handle(ServletChannel.java:436)
	at org.eclipse.jetty.ee10.servlet.ServletHandler.handle(ServletHandler.java:464)
	at org.eclipse.jetty.security.SecurityHandler.handle(SecurityHandler.java:575)
	at org.eclipse.jetty.ee10.servlet.SessionHandler.handle(SessionHandler.java:703)
	at org.eclipse.jetty.server.handler.ContextHandler.handle(ContextHandler.java:851)
	at org.eclipse.jetty.server.handler.ContextHandlerCollection.handle(ContextHandlerCollection.java:181)
	at org.eclipse.jetty.server.handler.ContextHandlerCollection.handle(ContextHandlerCollection.java:181)
	at org.eclipse.jetty.server.Server.handle(Server.java:179)
	at org.eclipse.jetty.server.internal.HttpChannelState$HandlerInvoker.run(HttpChannelState.java:635)
	at org.eclipse.jetty.util.thread.Invocable$ReadyTask.run(Invocable.java:105)
	at org.eclipse.jetty.http2.server.internal.HttpStreamOverHTTP2$1.run(HttpStreamOverHTTP2.java:133)
	at org.eclipse.jetty.util.thread.strategy.AdaptiveExecutionStrategy.runTask(AdaptiveExecutionStrategy.java:478)
	at org.eclipse.jetty.util.thread.strategy.AdaptiveExecutionStrategy.consumeTask(AdaptiveExecutionStrategy.java:441)
	at org.eclipse.jetty.util.thread.strategy.AdaptiveExecutionStrategy.tryProduce(AdaptiveExecutionStrategy.java:293)
	at org.eclipse.jetty.util.thread.strategy.AdaptiveExecutionStrategy.produce(AdaptiveExecutionStrategy.java:195)
	at org.eclipse.jetty.http2.HTTP2Connection.produce(HTTP2Connection.java:211)
	at org.eclipse.jetty.http2.HTTP2Connection.onFillable(HTTP2Connection.java:158)
	at org.eclipse.jetty.http2.HTTP2Connection$FillableCallback.succeeded(HTTP2Connection.java:449)
	at org.eclipse.jetty.io.FillInterest.fillable(FillInterest.java:99)
	at org.eclipse.jetty.io.ssl.SslConnection$SslEndPoint.onFillable(SslConnection.java:574)
	at org.eclipse.jetty.io.ssl.SslConnection.onFillable(SslConnection.java:390)
	at org.eclipse.jetty.io.ssl.SslConnection$2.succeeded(SslConnection.java:150)
	at org.eclipse.jetty.io.FillInterest.fillable(FillInterest.java:99)
	at org.eclipse.jetty.io.SelectableChannelEndPoint$1.run(SelectableChannelEndPoint.java:53)
	at org.eclipse.jetty.util.thread.strategy.AdaptiveExecutionStrategy.runTask(AdaptiveExecutionStrategy.java:478)
	at org.eclipse.jetty.util.thread.strategy.AdaptiveExecutionStrategy.consumeTask(AdaptiveExecutionStrategy.java:441)
	at org.eclipse.jetty.util.thread.strategy.AdaptiveExecutionStrategy.tryProduce(AdaptiveExecutionStrategy.java:293)
	at org.eclipse.jetty.util.thread.strategy.AdaptiveExecutionStrategy.run(AdaptiveExecutionStrategy.java:201)
	at org.eclipse.jetty.util.thread.ReservedThreadExecutor$ReservedThread.run(ReservedThreadExecutor.java:311)
	at org.eclipse.jetty.util.thread.QueuedThreadPool.runJob(QueuedThreadPool.java:979)
	at org.eclipse.jetty.util.thread.QueuedThreadPool$Runner.doRunJob(QueuedThreadPool.java:1209)
	at org.eclipse.jetty.util.thread.QueuedThreadPool$Runner.run(QueuedThreadPool.java:1164)
	at java.base/java.lang.Thread.run(Thread.java:1583)
2024-06-22 16:41:01,976 INFO [NiFi Web Server-296] o.a.n.w.a.c.ValidationExceptionMapper org.apache.nifi.controller.exception.ValidationException: 1 validation error: Cannot automatically terminate 'success' relationship because a Connection already exists with this relationship. Returning Bad Request response.
