2024-06-16 09:31:06,054 INFO [main] org.apache.nifi.bootstrap.RunNiFi A shutdown was initiated. Will not restart NiFi
2024-06-16 09:31:39,555 WARN [main] o.a.n.b.process.RuntimeValidatorExecutor Runtime Configuration [AvailableLocalPorts] validation failed: Local Ports [28231] less than recommended [55000] according to [/proc/sys/net/ipv4/ip_local_port_range]
2024-06-16 09:31:39,560 WARN [main] o.a.n.b.process.RuntimeValidatorExecutor Runtime Configuration [ForkedProcesses] validation failed: Configuration file [/proc/75/limits] cannot be parsed
2024-06-16 09:31:39,563 WARN [main] o.a.n.b.process.RuntimeValidatorExecutor Runtime Configuration [Swappiness] validation failed: Swappiness [60] more than recommended [0] according to [/proc/sys/vm/swappiness]
2024-06-16 09:31:39,563 WARN [main] o.a.n.b.process.RuntimeValidatorExecutor Runtime Configuration [SocketTimedWaitDuration] validation failed: TCP Socket Wait [120 seconds] more than recommended [1 seconds] according to [/proc/sys/net/netfilter/nf_conntrack_tcp_timeout_time_wait]
2024-06-16 09:31:40,163 INFO [main] org.apache.nifi.bootstrap.RunNiFi {javaVersion=21.0.3, availableProcessors=2, maxOpenFileDescriptors=1048576, totalPhysicalMemoryMB=2048, minimumHeapSize=1g, maximumHeapSize=1g}
2024-06-16 09:31:44,412 INFO [main] org.apache.nifi.bootstrap.Command Generated Self-Signed Certificate Expiration: 2024-08-15
2024-06-16 09:31:44,413 INFO [main] org.apache.nifi.bootstrap.Command Generated Self-Signed Certificate SHA-256: EFD6B21365DE778388B042857FAB87D6450DA8B3ACF88A03DCCA27A6B6A28187
2024-06-16 09:31:44,744 INFO [main] org.apache.nifi.bootstrap.Command Starting Apache NiFi...
2024-06-16 09:31:44,746 INFO [main] org.apache.nifi.bootstrap.Command Working Directory: /opt/nifi/nifi-current
2024-06-16 09:31:44,749 INFO [main] org.apache.nifi.bootstrap.Command Command: /usr/lib/jvm/jdk-21.0.3-bellsoft-x86_64/bin/java -classpath /opt/nifi/nifi-current/./conf:/opt/nifi/nifi-current/./lib/nifi-properties-2.0.0-M3.jar:/opt/nifi/nifi-current/./lib/logback-classic-1.5.6.jar:/opt/nifi/nifi-current/./lib/log4j-over-slf4j-2.0.13.jar:/opt/nifi/nifi-current/./lib/nifi-python-framework-api-2.0.0-M3.jar:/opt/nifi/nifi-current/./lib/slf4j-api-2.0.13.jar:/opt/nifi/nifi-current/./lib/nifi-property-utils-2.0.0-M3.jar:/opt/nifi/nifi-current/./lib/nifi-framework-api-2.0.0-M3.jar:/opt/nifi/nifi-current/./lib/nifi-server-api-2.0.0-M3.jar:/opt/nifi/nifi-current/./lib/nifi-per-process-group-logging-2.0.0-M3.jar:/opt/nifi/nifi-current/./lib/jcl-over-slf4j-2.0.13.jar:/opt/nifi/nifi-current/./lib/nifi-stateless-api-2.0.0-M3.jar:/opt/nifi/nifi-current/./lib/jul-to-slf4j-2.0.13.jar:/opt/nifi/nifi-current/./lib/nifi-runtime-2.0.0-M3.jar:/opt/nifi/nifi-current/./lib/nifi-nar-utils-2.0.0-M3.jar:/opt/nifi/nifi-current/./lib/logback-core-1.5.6.jar:/opt/nifi/nifi-current/./lib/nifi-api-2.0.0-M3.jar -Xmx1g -Djava.awt.headless=true -Xms1g -Djavax.security.auth.useSubjectCredsOnly=true -Dsun.net.http.allowRestrictedHeaders=true -Djava.protocol.handler.pkgs=sun.net.www.protocol -Duser.timezone=America/Bahia -Dcurator-log-only-first-connection-issue-as-error-level=true -Dnifi.properties.file.path=/opt/nifi/nifi-current/./conf/nifi.properties -Dnifi.bootstrap.listen.port=42869 -Dapp=NiFi -Dorg.apache.nifi.bootstrap.config.log.dir=/opt/nifi/nifi-current/logs org.apache.nifi.NiFi 
2024-06-16 09:31:44,883 INFO [main] org.apache.nifi.bootstrap.Command Application Process [113] launched
2024-06-16 09:31:47,732 INFO [NiFi Bootstrap Command Listener] org.apache.nifi.bootstrap.RunNiFi Apache NiFi now running and listening for Bootstrap requests on port 39381
2024-06-16 09:42:15,250 INFO [main] org.apache.nifi.bootstrap.Command Apache NiFi has accepted the Shutdown Command and is shutting down now
2024-06-16 09:42:15,282 INFO [main] org.apache.nifi.bootstrap.Command NiFi PID [113] shutdown in progress...
2024-06-16 09:42:17,292 INFO [main] org.apache.nifi.bootstrap.Command NiFi PID [113] shutdown in progress...
2024-06-16 09:42:18,273 INFO [main] org.apache.nifi.bootstrap.RunNiFi A shutdown was initiated. Will not restart NiFi
2024-06-16 09:42:19,299 INFO [main] org.apache.nifi.bootstrap.Command NiFi PID [113] shutdown completed
2024-06-16 10:00:39,270 WARN [main] o.a.n.b.process.RuntimeValidatorExecutor Runtime Configuration [AvailableLocalPorts] validation failed: Local Ports [28231] less than recommended [55000] according to [/proc/sys/net/ipv4/ip_local_port_range]
2024-06-16 10:00:39,290 WARN [main] o.a.n.b.process.RuntimeValidatorExecutor Runtime Configuration [ForkedProcesses] validation failed: Configuration file [/proc/75/limits] cannot be parsed
2024-06-16 10:00:39,295 WARN [main] o.a.n.b.process.RuntimeValidatorExecutor Runtime Configuration [Swappiness] validation failed: Swappiness [60] more than recommended [0] according to [/proc/sys/vm/swappiness]
2024-06-16 10:00:39,296 WARN [main] o.a.n.b.process.RuntimeValidatorExecutor Runtime Configuration [SocketTimedWaitDuration] validation failed: TCP Socket Wait [120 seconds] more than recommended [1 seconds] according to [/proc/sys/net/netfilter/nf_conntrack_tcp_timeout_time_wait]
2024-06-16 10:00:40,766 INFO [main] org.apache.nifi.bootstrap.RunNiFi {javaVersion=21.0.3, availableProcessors=2, maxOpenFileDescriptors=1048576, totalPhysicalMemoryMB=2048, minimumHeapSize=1g, maximumHeapSize=1g}
2024-06-16 10:00:46,988 INFO [main] org.apache.nifi.bootstrap.Command Generated Self-Signed Certificate Expiration: 2024-08-15
2024-06-16 10:00:46,995 INFO [main] org.apache.nifi.bootstrap.Command Generated Self-Signed Certificate SHA-256: 23C2CFD69A64FCD19039B3FF89FA70F21B07F77ADC42925432A0DC821BF88302
2024-06-16 10:00:47,727 INFO [main] org.apache.nifi.bootstrap.Command Starting Apache NiFi...
2024-06-16 10:00:47,730 INFO [main] org.apache.nifi.bootstrap.Command Working Directory: /opt/nifi/nifi-current
2024-06-16 10:00:47,732 INFO [main] org.apache.nifi.bootstrap.Command Command: /usr/lib/jvm/jdk-21.0.3-bellsoft-x86_64/bin/java -classpath /opt/nifi/nifi-current/./conf:/opt/nifi/nifi-current/./lib/nifi-properties-2.0.0-M3.jar:/opt/nifi/nifi-current/./lib/logback-classic-1.5.6.jar:/opt/nifi/nifi-current/./lib/log4j-over-slf4j-2.0.13.jar:/opt/nifi/nifi-current/./lib/nifi-python-framework-api-2.0.0-M3.jar:/opt/nifi/nifi-current/./lib/slf4j-api-2.0.13.jar:/opt/nifi/nifi-current/./lib/nifi-property-utils-2.0.0-M3.jar:/opt/nifi/nifi-current/./lib/nifi-framework-api-2.0.0-M3.jar:/opt/nifi/nifi-current/./lib/nifi-server-api-2.0.0-M3.jar:/opt/nifi/nifi-current/./lib/nifi-per-process-group-logging-2.0.0-M3.jar:/opt/nifi/nifi-current/./lib/jcl-over-slf4j-2.0.13.jar:/opt/nifi/nifi-current/./lib/nifi-stateless-api-2.0.0-M3.jar:/opt/nifi/nifi-current/./lib/jul-to-slf4j-2.0.13.jar:/opt/nifi/nifi-current/./lib/nifi-runtime-2.0.0-M3.jar:/opt/nifi/nifi-current/./lib/nifi-nar-utils-2.0.0-M3.jar:/opt/nifi/nifi-current/./lib/logback-core-1.5.6.jar:/opt/nifi/nifi-current/./lib/nifi-api-2.0.0-M3.jar -Xmx1g -Djava.awt.headless=true -Xms1g -Djavax.security.auth.useSubjectCredsOnly=true -Dsun.net.http.allowRestrictedHeaders=true -Djava.protocol.handler.pkgs=sun.net.www.protocol -Duser.timezone=America/Bahia -Dcurator-log-only-first-connection-issue-as-error-level=true -Dnifi.properties.file.path=/opt/nifi/nifi-current/./conf/nifi.properties -Dnifi.bootstrap.listen.port=38253 -Dapp=NiFi -Dorg.apache.nifi.bootstrap.config.log.dir=/opt/nifi/nifi-current/logs org.apache.nifi.NiFi 
2024-06-16 10:00:47,964 INFO [main] org.apache.nifi.bootstrap.Command Application Process [113] launched
2024-06-16 10:00:53,333 INFO [NiFi Bootstrap Command Listener] org.apache.nifi.bootstrap.RunNiFi Apache NiFi now running and listening for Bootstrap requests on port 42643
2024-06-16 11:00:03,985 INFO [main] org.apache.nifi.bootstrap.Command Apache NiFi has accepted the Shutdown Command and is shutting down now
2024-06-16 11:00:04,284 INFO [main] org.apache.nifi.bootstrap.Command NiFi PID [113] shutdown in progress...
2024-06-16 11:00:06,352 INFO [main] org.apache.nifi.bootstrap.Command NiFi PID [113] shutdown in progress...
2024-06-16 11:00:08,360 INFO [main] org.apache.nifi.bootstrap.Command NiFi PID [113] shutdown in progress...
2024-06-16 11:00:10,369 INFO [main] org.apache.nifi.bootstrap.Command NiFi PID [113] shutdown in progress...
