2024-06-21 18:02:29,084 WARN [main] o.a.n.b.process.RuntimeValidatorExecutor Runtime Configuration [AvailableLocalPorts] validation failed: Local Ports [28231] less than recommended [55000] according to [/proc/sys/net/ipv4/ip_local_port_range]
2024-06-21 18:02:29,108 WARN [main] o.a.n.b.process.RuntimeValidatorExecutor Runtime Configuration [ForkedProcesses] validation failed: Configuration file [/proc/75/limits] cannot be parsed
2024-06-21 18:02:29,109 WARN [main] o.a.n.b.process.RuntimeValidatorExecutor Runtime Configuration [Swappiness] validation failed: Swappiness [60] more than recommended [0] according to [/proc/sys/vm/swappiness]
2024-06-21 18:02:29,109 WARN [main] o.a.n.b.process.RuntimeValidatorExecutor Runtime Configuration [SocketTimedWaitDuration] validation failed: TCP Socket Wait [120 seconds] more than recommended [1 seconds] according to [/proc/sys/net/netfilter/nf_conntrack_tcp_timeout_time_wait]
2024-06-21 18:02:29,432 INFO [main] org.apache.nifi.bootstrap.RunNiFi {javaVersion=21.0.3, availableProcessors=2, maxOpenFileDescriptors=1048576, totalPhysicalMemoryMB=2048, minimumHeapSize=1g, maximumHeapSize=1g}
2024-06-21 18:02:34,678 INFO [main] org.apache.nifi.bootstrap.Command Generated Self-Signed Certificate Expiration: 2024-08-20
2024-06-21 18:02:34,678 INFO [main] org.apache.nifi.bootstrap.Command Generated Self-Signed Certificate SHA-256: CA306A3357962713EE5C7060F96E7E2EF0CE68897AAD1E67BB3E96093C9A5BE5
2024-06-21 18:02:34,955 INFO [main] org.apache.nifi.bootstrap.Command Starting Apache NiFi...
2024-06-21 18:02:34,956 INFO [main] org.apache.nifi.bootstrap.Command Working Directory: /opt/nifi/nifi-current
2024-06-21 18:02:34,956 INFO [main] org.apache.nifi.bootstrap.Command Command: /usr/lib/jvm/jdk-21.0.3-bellsoft-x86_64/bin/java -classpath /opt/nifi/nifi-current/./conf:/opt/nifi/nifi-current/./lib/nifi-properties-2.0.0-M3.jar:/opt/nifi/nifi-current/./lib/slf4j-api-2.0.13.jar:/opt/nifi/nifi-current/./lib/logback-core-1.5.6.jar:/opt/nifi/nifi-current/./lib/nifi-api-2.0.0-M3.jar:/opt/nifi/nifi-current/./lib/nifi-property-utils-2.0.0-M3.jar:/opt/nifi/nifi-current/./lib/nifi-python-framework-api-2.0.0-M3.jar:/opt/nifi/nifi-current/./lib/jcl-over-slf4j-2.0.13.jar:/opt/nifi/nifi-current/./lib/log4j-over-slf4j-2.0.13.jar:/opt/nifi/nifi-current/./lib/nifi-nar-utils-2.0.0-M3.jar:/opt/nifi/nifi-current/./lib/nifi-runtime-2.0.0-M3.jar:/opt/nifi/nifi-current/./lib/logback-classic-1.5.6.jar:/opt/nifi/nifi-current/./lib/nifi-server-api-2.0.0-M3.jar:/opt/nifi/nifi-current/./lib/nifi-stateless-api-2.0.0-M3.jar:/opt/nifi/nifi-current/./lib/jul-to-slf4j-2.0.13.jar:/opt/nifi/nifi-current/./lib/nifi-framework-api-2.0.0-M3.jar:/opt/nifi/nifi-current/./lib/nifi-per-process-group-logging-2.0.0-M3.jar -Xmx1g -Djava.awt.headless=true -Xms1g -Djavax.security.auth.useSubjectCredsOnly=true -Dsun.net.http.allowRestrictedHeaders=true -Djava.protocol.handler.pkgs=sun.net.www.protocol -Duser.timezone=America/Bahia -Dcurator-log-only-first-connection-issue-as-error-level=true -Dnifi.properties.file.path=/opt/nifi/nifi-current/./conf/nifi.properties -Dnifi.bootstrap.listen.port=46411 -Dapp=NiFi -Dorg.apache.nifi.bootstrap.config.log.dir=/opt/nifi/nifi-current/logs org.apache.nifi.NiFi 
2024-06-21 18:02:35,032 INFO [main] org.apache.nifi.bootstrap.Command Application Process [111] launched
2024-06-21 18:02:36,774 INFO [NiFi Bootstrap Command Listener] org.apache.nifi.bootstrap.RunNiFi Apache NiFi now running and listening for Bootstrap requests on port 46817
2024-06-21 18:25:33,058 INFO [main] org.apache.nifi.bootstrap.Command Apache NiFi has accepted the Shutdown Command and is shutting down now
2024-06-21 18:25:33,103 INFO [main] org.apache.nifi.bootstrap.Command NiFi PID [111] shutdown in progress...
2024-06-21 18:25:35,117 INFO [main] org.apache.nifi.bootstrap.Command NiFi PID [111] shutdown in progress...
2024-06-21 18:25:35,275 INFO [main] org.apache.nifi.bootstrap.RunNiFi A shutdown was initiated. Will not restart NiFi
2024-06-21 18:25:37,136 INFO [main] org.apache.nifi.bootstrap.Command NiFi PID [111] shutdown completed
2024-06-21 18:25:51,809 WARN [main] o.a.n.b.process.RuntimeValidatorExecutor Runtime Configuration [AvailableLocalPorts] validation failed: Local Ports [28231] less than recommended [55000] according to [/proc/sys/net/ipv4/ip_local_port_range]
2024-06-21 18:25:51,812 WARN [main] o.a.n.b.process.RuntimeValidatorExecutor Runtime Configuration [ForkedProcesses] validation failed: Configuration file [/proc/76/limits] cannot be parsed
2024-06-21 18:25:51,812 WARN [main] o.a.n.b.process.RuntimeValidatorExecutor Runtime Configuration [Swappiness] validation failed: Swappiness [60] more than recommended [0] according to [/proc/sys/vm/swappiness]
2024-06-21 18:25:51,813 WARN [main] o.a.n.b.process.RuntimeValidatorExecutor Runtime Configuration [SocketTimedWaitDuration] validation failed: TCP Socket Wait [120 seconds] more than recommended [1 seconds] according to [/proc/sys/net/netfilter/nf_conntrack_tcp_timeout_time_wait]
2024-06-21 18:25:52,106 INFO [main] org.apache.nifi.bootstrap.RunNiFi {javaVersion=21.0.3, availableProcessors=2, maxOpenFileDescriptors=1048576, totalPhysicalMemoryMB=2048, minimumHeapSize=1g, maximumHeapSize=1g}
2024-06-21 18:25:52,183 INFO [main] org.apache.nifi.bootstrap.Command Starting Apache NiFi...
2024-06-21 18:25:52,184 INFO [main] org.apache.nifi.bootstrap.Command Working Directory: /opt/nifi/nifi-current
2024-06-21 18:25:52,184 INFO [main] org.apache.nifi.bootstrap.Command Command: /usr/lib/jvm/jdk-21.0.3-bellsoft-x86_64/bin/java -classpath /opt/nifi/nifi-current/./conf:/opt/nifi/nifi-current/./lib/nifi-properties-2.0.0-M3.jar:/opt/nifi/nifi-current/./lib/slf4j-api-2.0.13.jar:/opt/nifi/nifi-current/./lib/logback-core-1.5.6.jar:/opt/nifi/nifi-current/./lib/nifi-api-2.0.0-M3.jar:/opt/nifi/nifi-current/./lib/nifi-property-utils-2.0.0-M3.jar:/opt/nifi/nifi-current/./lib/nifi-python-framework-api-2.0.0-M3.jar:/opt/nifi/nifi-current/./lib/jcl-over-slf4j-2.0.13.jar:/opt/nifi/nifi-current/./lib/log4j-over-slf4j-2.0.13.jar:/opt/nifi/nifi-current/./lib/nifi-nar-utils-2.0.0-M3.jar:/opt/nifi/nifi-current/./lib/nifi-runtime-2.0.0-M3.jar:/opt/nifi/nifi-current/./lib/logback-classic-1.5.6.jar:/opt/nifi/nifi-current/./lib/nifi-server-api-2.0.0-M3.jar:/opt/nifi/nifi-current/./lib/nifi-stateless-api-2.0.0-M3.jar:/opt/nifi/nifi-current/./lib/jul-to-slf4j-2.0.13.jar:/opt/nifi/nifi-current/./lib/nifi-framework-api-2.0.0-M3.jar:/opt/nifi/nifi-current/./lib/nifi-per-process-group-logging-2.0.0-M3.jar -Xmx1g -Djava.awt.headless=true -Xms1g -Djavax.security.auth.useSubjectCredsOnly=true -Dsun.net.http.allowRestrictedHeaders=true -Djava.protocol.handler.pkgs=sun.net.www.protocol -Duser.timezone=America/Bahia -Dcurator-log-only-first-connection-issue-as-error-level=true -Dnifi.properties.file.path=/opt/nifi/nifi-current/./conf/nifi.properties -Dnifi.bootstrap.listen.port=40171 -Dapp=NiFi -Dorg.apache.nifi.bootstrap.config.log.dir=/opt/nifi/nifi-current/logs org.apache.nifi.NiFi 
2024-06-21 18:25:52,246 INFO [main] org.apache.nifi.bootstrap.Command Application Process [112] launched
2024-06-21 18:25:53,543 INFO [NiFi Bootstrap Command Listener] org.apache.nifi.bootstrap.RunNiFi Apache NiFi now running and listening for Bootstrap requests on port 36331
2024-06-21 22:27:30,325 INFO [main] org.apache.nifi.bootstrap.Command Apache NiFi has accepted the Shutdown Command and is shutting down now
2024-06-21 22:27:30,358 INFO [main] org.apache.nifi.bootstrap.Command NiFi PID [112] shutdown in progress...
2024-06-21 22:27:32,368 INFO [main] org.apache.nifi.bootstrap.Command NiFi PID [112] shutdown completed
2024-06-21 22:27:32,643 INFO [main] org.apache.nifi.bootstrap.RunNiFi Status File no longer exists. Will not restart NiFi
